2020-03-30 12:54:31 +0000  Initial pipeline context: <IDEDistributionProcessingPipelineContext: 0x7fc55798b8d0; archive(resolved)='<IDEArchive: 0x7fc556a9fd90>', distributionTask(resolved)='2', distributionDestination(resolved)='1', distributionMethod(resolved)='<IDEDistributionMethodAdHoc: 0x7fc5536d1f10>', team(resolved)='<IDEProvisioningDisambiguatableBasicTeam: 0x7fc5564aa590; teamID='MM7G949396', teamName='HAOYUN QIN', teamType='Individual', username='13817706949@163.com', isFreeProvisioningTeam='0'>'>
	Chain (12, self inclusive):
	<IDEDistributionProcessingPipelineContext: 0x7fc55798b8d0; archive = '<IDEArchive: 0x7fc556a9fd90>', distributionMethod='<IDEDistributionMethodAdHoc: 0x7fc5536d1f10>', team='<IDEProvisioningDisambiguatableBasicTeam: 0x7fc5564aa590; teamID='MM7G949396', teamName='HAOYUN QIN', teamType='Individual', username='13817706949@163.com', isFreeProvisioningTeam='0'>'>
	<IDEDistributionProcessingPipelineContext: 0x7fc554a82450; archive = '<IDEArchive: 0x7fc556a9fd90>', distributionMethod='<IDEDistributionMethodAdHoc: 0x7fc5536d1f10>', team='<IDEProvisioningDisambiguatableBasicTeam: 0x7fc5564aa590; teamID='MM7G949396', teamName='HAOYUN QIN', teamType='Individual', username='13817706949@163.com', isFreeProvisioningTeam='0'>'>
	<IDEDistributionContext: 0x7fc55594d7f0; archive = '<IDEArchive: 0x7fc556a9fd90>', distributionMethod='<IDEDistributionMethodAdHoc: 0x7fc5536d1f10>', team='<IDEProvisioningDisambiguatableBasicTeam: 0x7fc5564aa590; teamID='MM7G949396', teamName='HAOYUN QIN', teamType='Individual', username='13817706949@163.com', isFreeProvisioningTeam='0'>'>
	<IDEDistributionContext: 0x7fc55597fc70; archive = '<IDEArchive: 0x7fc556a9fd90>', distributionMethod='<IDEDistributionMethodAdHoc: 0x7fc5536d1f10>', team='<IDEProvisioningDisambiguatableBasicTeam: 0x7fc5564aa590; teamID='MM7G949396', teamName='HAOYUN QIN', teamType='Individual', username='13817706949@163.com', isFreeProvisioningTeam='0'>'>
	<IDEDistributionContext: 0x7fc556ac07e0; archive = '<IDEArchive: 0x7fc556a9fd90>', distributionMethod='<IDEDistributionMethodAdHoc: 0x7fc5536d1f10>', team='<IDEProvisioningDisambiguatableBasicTeam: 0x7fc5564aa590; teamID='MM7G949396', teamName='HAOYUN QIN', teamType='Individual', username='13817706949@163.com', isFreeProvisioningTeam='0'>'>
	<IDEDistributionContext: 0x7fc55659c0e0; archive = '<IDEArchive: 0x7fc556a9fd90>', distributionMethod='<IDEDistributionMethodAdHoc: 0x7fc5536d1f10>', team='<IDEProvisioningDisambiguatableBasicTeam: 0x7fc5564aa590; teamID='MM7G949396', teamName='HAOYUN QIN', teamType='Individual', username='13817706949@163.com', isFreeProvisioningTeam='0'>'>
	<IDEDistributionContext: 0x7fc555c1b680; archive = '<IDEArchive: 0x7fc556a9fd90>', distributionMethod='<IDEDistributionMethodAdHoc: 0x7fc5536d1f10>', team='<IDEProvisioningDisambiguatableBasicTeam: 0x7fc5564aa590; teamID='MM7G949396', teamName='HAOYUN QIN', teamType='Individual', username='13817706949@163.com', isFreeProvisioningTeam='0'>'>
	<IDEDistributionContext: 0x7fc555b04720; archive = '<IDEArchive: 0x7fc556a9fd90>', distributionMethod='<IDEDistributionMethodAdHoc: 0x7fc5536d1f10>', team='<IDEProvisioningDisambiguatableBasicTeam: 0x7fc5564aa590; teamID='MM7G949396', teamName='HAOYUN QIN', teamType='Individual', username='13817706949@163.com', isFreeProvisioningTeam='0'>'>
	<IDEDistributionContext: 0x7fc5565cc720; archive = '<IDEArchive: 0x7fc556a9fd90>', distributionMethod='<IDEDistributionMethodAdHoc: 0x7fc5536d1f10>', team='<IDEProvisioningDisambiguatableBasicTeam: 0x7fc5564aa590; teamID='MM7G949396', teamName='HAOYUN QIN', teamType='Individual', username='13817706949@163.com', isFreeProvisioningTeam='0'>'>
	<IDEDistributionContext: 0x7fc5565fb340; archive = '<IDEArchive: 0x7fc556a9fd90>', distributionMethod='<IDEDistributionMethodAdHoc: 0x7fc5536d1f10>', team='(null)'>
	<IDEDistributionContext: 0x7fc556ac6fa0; archive = '<IDEArchive: 0x7fc556a9fd90>', distributionMethod='<IDEDistributionMethodAdHoc: 0x7fc5536d1f10>', team='(null)'>
	<IDEDistributionContext: 0x7fc5559aaf40; archive = '<IDEArchive: 0x7fc556a9fd90>', distributionMethod='(null)', team='(null)'>
</IDEDistributionProcessingPipelineContext: 0x7fc55798b8d0>
2020-03-30 12:54:31 +0000  Processing step: IDEDistributionCreateDestRootStep
2020-03-30 12:54:31 +0000  Processing step: IDEDistributionCopyItemStep
2020-03-30 12:54:31 +0000  Running /usr/bin/ditto '-V' '/Users/jefferson/Library/Developer/Xcode/Archives/2020-03-30/PlayingCardDemo 2020-3-30, 8.34 PM.xcarchive/Products/Applications/PlayingCardDemo.app' '/var/folders/_l/m3xln5w54nz9bx9lsgzlp5y40000gn/T/XcodeDistPipeline.~~~2jILsU/Root/Payload/PlayingCardDemo.app'
2020-03-30 12:54:31 +0000  >>> Copying /Users/jefferson/Library/Developer/Xcode/Archives/2020-03-30/PlayingCardDemo 2020-3-30, 8.34 PM.xcarchive/Products/Applications/PlayingCardDemo.app 
2020-03-30 12:54:31 +0000  copying file ./_CodeSignature/CodeResources ... 
2020-03-30 12:54:31 +0000  4101 bytes for ./_CodeSignature/CodeResources
2020-03-30 12:54:31 +0000  copying file ./PlayingCardDemo ... 
2020-03-30 12:54:31 +0000  362432 bytes for ./PlayingCardDemo
2020-03-30 12:54:31 +0000  copying file ./Base.lproj/Main.storyboardc/UIViewController-BYZ-38-t0r.nib ... 
2020-03-30 12:54:31 +0000  1349 bytes for ./Base.lproj/Main.storyboardc/UIViewController-BYZ-38-t0r.nib
2020-03-30 12:54:31 +0000  copying file ./Base.lproj/Main.storyboardc/BYZ-38-t0r-view-8bC-Xf-vdC.nib ... 
2020-03-30 12:54:31 +0000  3145 bytes for ./Base.lproj/Main.storyboardc/BYZ-38-t0r-view-8bC-Xf-vdC.nib
copying file ./Base.lproj/Main.storyboardc/Info.plist ... 
2020-03-30 12:54:31 +0000  258 bytes for ./Base.lproj/Main.storyboardc/Info.plist
2020-03-30 12:54:31 +0000  copying file ./Base.lproj/LaunchScreen.storyboardc/01J-lp-oVM-view-Ze5-6b-2t3.nib ... 
2020-03-30 12:54:31 +0000  1136 bytes for ./Base.lproj/LaunchScreen.storyboardc/01J-lp-oVM-view-Ze5-6b-2t3.nib
copying file ./Base.lproj/LaunchScreen.storyboardc/UIViewController-01J-lp-oVM.nib ... 
2020-03-30 12:54:31 +0000  832 bytes for ./Base.lproj/LaunchScreen.storyboardc/UIViewController-01J-lp-oVM.nib
2020-03-30 12:54:31 +0000  copying file ./Base.lproj/LaunchScreen.storyboardc/Info.plist ... 
2020-03-30 12:54:31 +0000  258 bytes for ./Base.lproj/LaunchScreen.storyboardc/Info.plist
copying file ./Assets.car ... 
2020-03-30 12:54:31 +0000  302968 bytes for ./Assets.car
copying file ./embedded.mobileprovision ... 
2020-03-30 12:54:31 +0000  7444 bytes for ./embedded.mobileprovision
2020-03-30 12:54:31 +0000  copying file ./Info.plist ... 
2020-03-30 12:54:31 +0000  1171 bytes for ./Info.plist
copying file ./PkgInfo ... 
2020-03-30 12:54:31 +0000  8 bytes for ./PkgInfo
2020-03-30 12:54:31 +0000  /usr/bin/ditto exited with 0
2020-03-30 12:54:31 +0000  Processing step: IDEDistributionEmbedProfileStep
2020-03-30 12:54:31 +0000  Processing step: IDEDistributionAppThinningPlistStep
2020-03-30 12:54:31 +0000  Skipping step: IDEDistributionAppThinningPlistStep because it said so
2020-03-30 12:54:31 +0000  Processing step: IDEDistributionCompileBitcodeStep
2020-03-30 12:54:31 +0000  Running /Applications/Xcode.app/Contents/Developer/usr/bin/ipatool '/var/folders/_l/m3xln5w54nz9bx9lsgzlp5y40000gn/T/XcodeDistPipeline.~~~2jILsU/Root' '--json' '/var/folders/_l/m3xln5w54nz9bx9lsgzlp5y40000gn/T/ipatool-json-filepath-~~~qCcJ2O' '--compile-bitcode' '--output' '/var/folders/_l/m3xln5w54nz9bx9lsgzlp5y40000gn/T/IDEIPAProcessor.AppThinning.~~~Pd2TTM' '--toolchain' '/Applications/Xcode.app/Contents/Developer/Toolchains/XcodeDefault.xctoolchain/usr' '--platforms' '/Applications/Xcode.app/Contents/Developer/Platforms' '--app-store-tools-build-version' '10G8'
2020-03-30 12:54:31 +0000  ruby 2.3.7p456 (2018-03-28 revision 63024) [universal.x86_64-darwin18]
2020-03-30 12:54:31 +0000  /Applications/Xcode.app/Contents/Developer/usr/bin/ipatool:3164: warning: shadowing outer local variable - c
/Applications/Xcode.app/Contents/Developer/usr/bin/ipatool:3170: warning: shadowing outer local variable - c
/Applications/Xcode.app/Contents/Developer/usr/bin/ipatool:3173: warning: shadowing outer local variable - c
2020-03-30 12:54:31 +0000  /Applications/Xcode.app/Contents/Developer/usr/bin/ipatool:3163: warning: assigned but unused variable - prod
2020-03-30 12:54:31 +0000  /System/Library/Frameworks/Ruby.framework/Versions/2.3/usr/lib/ruby/gems/2.3.0/gems/libxml-ruby-2.9.0/lib/libxml/schema/type.rb:8: warning: method redefined; discarding old annotation
2020-03-30 12:54:31 +0000  /System/Library/Frameworks/Ruby.framework/Versions/2.3/usr/lib/ruby/gems/2.3.0/gems/libxml-ruby-2.9.0/lib/libxml/schema/element.rb:18: warning: method redefined; discarding old annotation
2020-03-30 12:54:31 +0000  OS X 10.14.6 18G103
2020-03-30 12:54:31 +0000  ENV: {"PATH"=>"/Applications/Xcode.app/Contents/Developer/Toolchains/XcodeDefault.xctoolchain/usr/bin:/Applications/Xcode.app/Contents/Developer/Toolchains/XcodeDefault.xctoolchain/usr/local/bin:/Applications/Xcode.app/Contents/Developer/Toolchains/XcodeDefault.xctoolchain/usr/libexec:/Applications/Xcode.app/Contents/Developer/usr/bin:/Applications/Xcode.app/Contents/Developer/usr/local/bin:/Applications/Xcode.app/Contents/Developer/Tools:/usr/bin:/bin:/usr/sbin:/sbin", "MallocNanoZone"=>"0", "TMPDIR"=>"/var/folders/_l/m3xln5w54nz9bx9lsgzlp5y40000gn/T/", "LOGNAME"=>"jefferson", "HOME"=>"/Users/jefferson", "XPC_FLAGS"=>"0x0", "Apple_PubSub_Socket_Render"=>"/private/tmp/com.apple.launchd.hnykEhreDt/Render", "USER"=>"jefferson", "SSH_AUTH_SOCK"=>"/private/tmp/com.apple.launchd.mJ1tSfVsNW/Listeners", "SECURITYSESSIONID"=>"186a8", "XPC_SERVICE_NAME"=>"com.apple.dt.Xcode.37856", "CA_ASSERT_MAIN_THREAD_TRANSACTIONS"=>"1", "SHELL"=>"/bin/zsh", "__CF_USER_TEXT_ENCODING"=>"0x1F5:0x0:0x0", "CA_DEBUG_TRANSACTIONS"=>"1"}
ARGV: ["/var/folders/_l/m3xln5w54nz9bx9lsgzlp5y40000gn/T/XcodeDistPipeline.~~~2jILsU/Root", "--json", "/var/folders/_l/m3xln5w54nz9bx9lsgzlp5y40000gn/T/ipatool-json-filepath-~~~qCcJ2O", "--compile-bitcode", "--output", "/var/folders/_l/m3xln5w54nz9bx9lsgzlp5y40000gn/T/IDEIPAProcessor.AppThinning.~~~Pd2TTM", "--toolchain", "/Applications/Xcode.app/Contents/Developer/Toolchains/XcodeDefault.xctoolchain/usr", "--platforms", "/Applications/Xcode.app/Contents/Developer/Platforms", "--app-store-tools-build-version", "10G8"]
2020-03-30 12:54:31 +0000  ---
IPA contents:
2020-03-30 12:54:31 +0000  /var/folders/_l/m3xln5w54nz9bx9lsgzlp5y40000gn/T/XcodeDistPipeline.~~~2jILsU/Root
/var/folders/_l/m3xln5w54nz9bx9lsgzlp5y40000gn/T/XcodeDistPipeline.~~~2jILsU/Root/Payload
/var/folders/_l/m3xln5w54nz9bx9lsgzlp5y40000gn/T/XcodeDistPipeline.~~~2jILsU/Root/Payload/PlayingCardDemo.app
/var/folders/_l/m3xln5w54nz9bx9lsgzlp5y40000gn/T/XcodeDistPipeline.~~~2jILsU/Root/Payload/PlayingCardDemo.app/Assets.car
/var/folders/_l/m3xln5w54nz9bx9lsgzlp5y40000gn/T/XcodeDistPipeline.~~~2jILsU/Root/Payload/PlayingCardDemo.app/Base.lproj
/var/folders/_l/m3xln5w54nz9bx9lsgzlp5y40000gn/T/XcodeDistPipeline.~~~2jILsU/Root/Payload/PlayingCardDemo.app/Base.lproj/LaunchScreen.storyboardc
/var/folders/_l/m3xln5w54nz9bx9lsgzlp5y40000gn/T/XcodeDistPipeline.~~~2jILsU/Root/Payload/PlayingCardDemo.app/Base.lproj/LaunchScreen.storyboardc/01J-lp-oVM-view-Ze5-6b-2t3.nib
/var/folders/_l/m3xln5w54nz9bx9lsgzlp5y40000gn/T/XcodeDistPipeline.~~~2jILsU/Root/Payload/PlayingCardDemo.app/Base.lproj/LaunchScreen.storyboardc/Info.plist
/var/folders/_l/m3xln5w54nz9bx9lsgzlp5y40000gn/T/XcodeDistPipeline.~~~2jILsU/Root/Payload/PlayingCardDemo.app/Base.lproj/LaunchScreen.storyboardc/UIViewController-01J-lp-oVM.nib
/var/folders/_l/m3xln5w54nz9bx9lsgzlp5y40000gn/T/XcodeDistPipeline.~~~2jILsU/Root/Payload/PlayingCardDemo.app/Base.lproj/Main.storyboardc
/var/folders/_l/m3xln5w54nz9bx9lsgzlp5y40000gn/T/XcodeDistPipeline.~~~2jILsU/Root/Payload/PlayingCardDemo.app/Base.lproj/Main.storyboardc/BYZ-38-t0r-view-8bC-Xf-vdC.nib
/var/folders/_l/m3xln5w54nz9bx9lsgzlp5y40000gn/T/XcodeDistPipeline.~~~2jILsU/Root/Payload/PlayingCardDemo.app/Base.lproj/Main.storyboardc/Info.plist
/var/folders/_l/m3xln5w54nz9bx9lsgzlp5y40000gn/T/XcodeDistPipeline.~~~2jILsU/Root/Payload/PlayingCardDemo.app/Base.lproj/Main.storyboardc/UIViewController-BYZ-38-t0r.nib
/var/folders/_l/m3xln5w54nz9bx9lsgzlp5y40000gn/T/XcodeDistPipeline.~~~2jILsU/Root/Payload/PlayingCardDemo.app/Info.plist
/var/folders/_l/m3xln5w54nz9bx9lsgzlp5y40000gn/T/XcodeDistPipeline.~~~2jILsU/Root/Payload/PlayingCardDemo.app/PkgInfo
/var/folders/_l/m3xln5w54nz9bx9lsgzlp5y40000gn/T/XcodeDistPipeline.~~~2jILsU/Root/Payload/PlayingCardDemo.app/PlayingCardDemo
/var/folders/_l/m3xln5w54nz9bx9lsgzlp5y40000gn/T/XcodeDistPipeline.~~~2jILsU/Root/Payload/PlayingCardDemo.app/_CodeSignature
/var/folders/_l/m3xln5w54nz9bx9lsgzlp5y40000gn/T/XcodeDistPipeline.~~~2jILsU/Root/Payload/PlayingCardDemo.app/_CodeSignature/CodeResources
/var/folders/_l/m3xln5w54nz9bx9lsgzlp5y40000gn/T/XcodeDistPipeline.~~~2jILsU/Root/Payload/PlayingCardDemo.app/embedded.mobileprovision
---
2020-03-30 12:54:31 +0000  warning: Configuration issue: platform AppleTVSimulator.platform doesn't have any non-simulator SDKs; ignoring it
2020-03-30 12:54:31 +0000  warning: Configuration issue: platform WatchSimulator.platform doesn't have any non-simulator SDKs; ignoring it
2020-03-30 12:54:31 +0000  warning: Configuration issue: platform iPhoneSimulator.platform doesn't have any non-simulator SDKs; ignoring it
2020-03-30 12:54:31 +0000  Scanning IPA...
2020-03-30 12:54:31 +0000  /usr/bin/file -b -- /var/folders/_l/m3xln5w54nz9bx9lsgzlp5y40000gn/T/XcodeDistPipeline.\~\~\~2jILsU/Root/Payload/PlayingCardDemo.app/Assets.car
2020-03-30 12:54:31 +0000      Command exited with pid 49313 exit 0:
    /usr/bin/file -b -- /var/folders/_l/m3xln5w54nz9bx9lsgzlp5y40000gn/T/XcodeDistPipeline.\~\~\~2jILsU/Root/Payload/PlayingCardDemo.app/Assets.car
    Stdout:
        Mac OS X bill of materials (BOM) file
    
    Stderr:
    
2020-03-30 12:54:31 +0000  /usr/bin/file -b -- /var/folders/_l/m3xln5w54nz9bx9lsgzlp5y40000gn/T/XcodeDistPipeline.\~\~\~2jILsU/Root/Payload/PlayingCardDemo.app/Base.lproj/LaunchScreen.storyboardc/01J-lp-oVM-view-Ze5-6b-2t3.nib
2020-03-30 12:54:31 +0000      Command exited with pid 49315 exit 0:
    /usr/bin/file -b -- /var/folders/_l/m3xln5w54nz9bx9lsgzlp5y40000gn/T/XcodeDistPipeline.\~\~\~2jILsU/Root/Payload/PlayingCardDemo.app/Base.lproj/LaunchScreen.storyboardc/01J-lp-oVM-view-Ze5-6b-2t3.nib
    Stdout:
        data
    
    Stderr:
    
2020-03-30 12:54:31 +0000  /usr/bin/file -b -- /var/folders/_l/m3xln5w54nz9bx9lsgzlp5y40000gn/T/XcodeDistPipeline.\~\~\~2jILsU/Root/Payload/PlayingCardDemo.app/Base.lproj/LaunchScreen.storyboardc/Info.plist
2020-03-30 12:54:31 +0000      Command exited with pid 49316 exit 0:
    /usr/bin/file -b -- /var/folders/_l/m3xln5w54nz9bx9lsgzlp5y40000gn/T/XcodeDistPipeline.\~\~\~2jILsU/Root/Payload/PlayingCardDemo.app/Base.lproj/LaunchScreen.storyboardc/Info.plist
    Stdout:
        Apple binary property list
    
    Stderr:
    
2020-03-30 12:54:31 +0000  /usr/bin/file -b -- /var/folders/_l/m3xln5w54nz9bx9lsgzlp5y40000gn/T/XcodeDistPipeline.\~\~\~2jILsU/Root/Payload/PlayingCardDemo.app/Base.lproj/LaunchScreen.storyboardc/UIViewController-01J-lp-oVM.nib
2020-03-30 12:54:31 +0000      Command exited with pid 49317 exit 0:
    /usr/bin/file -b -- /var/folders/_l/m3xln5w54nz9bx9lsgzlp5y40000gn/T/XcodeDistPipeline.\~\~\~2jILsU/Root/Payload/PlayingCardDemo.app/Base.lproj/LaunchScreen.storyboardc/UIViewController-01J-lp-oVM.nib
    Stdout:
        data
    
    Stderr:
    
2020-03-30 12:54:31 +0000  /usr/bin/file -b -- /var/folders/_l/m3xln5w54nz9bx9lsgzlp5y40000gn/T/XcodeDistPipeline.\~\~\~2jILsU/Root/Payload/PlayingCardDemo.app/Base.lproj/Main.storyboardc/BYZ-38-t0r-view-8bC-Xf-vdC.nib
2020-03-30 12:54:31 +0000      Command exited with pid 49319 exit 0:
    /usr/bin/file -b -- /var/folders/_l/m3xln5w54nz9bx9lsgzlp5y40000gn/T/XcodeDistPipeline.\~\~\~2jILsU/Root/Payload/PlayingCardDemo.app/Base.lproj/Main.storyboardc/BYZ-38-t0r-view-8bC-Xf-vdC.nib
    Stdout:
        data
    
    Stderr:
    
2020-03-30 12:54:31 +0000  /usr/bin/file -b -- /var/folders/_l/m3xln5w54nz9bx9lsgzlp5y40000gn/T/XcodeDistPipeline.\~\~\~2jILsU/Root/Payload/PlayingCardDemo.app/Base.lproj/Main.storyboardc/Info.plist
2020-03-30 12:54:31 +0000      Command exited with pid 49320 exit 0:
    /usr/bin/file -b -- /var/folders/_l/m3xln5w54nz9bx9lsgzlp5y40000gn/T/XcodeDistPipeline.\~\~\~2jILsU/Root/Payload/PlayingCardDemo.app/Base.lproj/Main.storyboardc/Info.plist
    Stdout:
        Apple binary property list
    
    Stderr:
    
2020-03-30 12:54:31 +0000  /usr/bin/file -b -- /var/folders/_l/m3xln5w54nz9bx9lsgzlp5y40000gn/T/XcodeDistPipeline.\~\~\~2jILsU/Root/Payload/PlayingCardDemo.app/Base.lproj/Main.storyboardc/UIViewController-BYZ-38-t0r.nib
2020-03-30 12:54:31 +0000      Command exited with pid 49321 exit 0:
    /usr/bin/file -b -- /var/folders/_l/m3xln5w54nz9bx9lsgzlp5y40000gn/T/XcodeDistPipeline.\~\~\~2jILsU/Root/Payload/PlayingCardDemo.app/Base.lproj/Main.storyboardc/UIViewController-BYZ-38-t0r.nib
    Stdout:
        data
    
    Stderr:
    
2020-03-30 12:54:31 +0000  /usr/bin/file -b -- /var/folders/_l/m3xln5w54nz9bx9lsgzlp5y40000gn/T/XcodeDistPipeline.\~\~\~2jILsU/Root/Payload/PlayingCardDemo.app/Info.plist
2020-03-30 12:54:31 +0000      Command exited with pid 49322 exit 0:
    /usr/bin/file -b -- /var/folders/_l/m3xln5w54nz9bx9lsgzlp5y40000gn/T/XcodeDistPipeline.\~\~\~2jILsU/Root/Payload/PlayingCardDemo.app/Info.plist
    Stdout:
        Apple binary property list
    
    Stderr:
    
2020-03-30 12:54:31 +0000  /usr/bin/file -b -- /var/folders/_l/m3xln5w54nz9bx9lsgzlp5y40000gn/T/XcodeDistPipeline.\~\~\~2jILsU/Root/Payload/PlayingCardDemo.app/PkgInfo
2020-03-30 12:54:31 +0000      Command exited with pid 49323 exit 0:
    /usr/bin/file -b -- /var/folders/_l/m3xln5w54nz9bx9lsgzlp5y40000gn/T/XcodeDistPipeline.\~\~\~2jILsU/Root/Payload/PlayingCardDemo.app/PkgInfo
    Stdout:
        ASCII text, with no line terminators
    
    Stderr:
    
2020-03-30 12:54:31 +0000  /usr/bin/file -b -- /var/folders/_l/m3xln5w54nz9bx9lsgzlp5y40000gn/T/XcodeDistPipeline.\~\~\~2jILsU/Root/Payload/PlayingCardDemo.app/PlayingCardDemo
2020-03-30 12:54:31 +0000      Command exited with pid 49324 exit 0:
    /usr/bin/file -b -- /var/folders/_l/m3xln5w54nz9bx9lsgzlp5y40000gn/T/XcodeDistPipeline.\~\~\~2jILsU/Root/Payload/PlayingCardDemo.app/PlayingCardDemo
    Stdout:
        Mach-O 64-bit executable arm64
    
    Stderr:
    
2020-03-30 12:54:31 +0000  /Applications/Xcode.app/Contents/Developer/Toolchains/XcodeDefault.xctoolchain/usr/bin/lipo -info /var/folders/_l/m3xln5w54nz9bx9lsgzlp5y40000gn/T/XcodeDistPipeline.\~\~\~2jILsU/Root/Payload/PlayingCardDemo.app/PlayingCardDemo
2020-03-30 12:54:31 +0000      Command exited with pid 49325 exit 0:
    /Applications/Xcode.app/Contents/Developer/Toolchains/XcodeDefault.xctoolchain/usr/bin/lipo -info /var/folders/_l/m3xln5w54nz9bx9lsgzlp5y40000gn/T/XcodeDistPipeline.\~\~\~2jILsU/Root/Payload/PlayingCardDemo.app/PlayingCardDemo
    Stdout:
        Non-fat file: /var/folders/_l/m3xln5w54nz9bx9lsgzlp5y40000gn/T/XcodeDistPipeline.~~~2jILsU/Root/Payload/PlayingCardDemo.app/PlayingCardDemo is architecture: arm64
    
    Stderr:
    
2020-03-30 12:54:31 +0000  /Applications/Xcode.app/Contents/Developer/Toolchains/XcodeDefault.xctoolchain/usr/bin/otool -h -v -m -arch all /var/folders/_l/m3xln5w54nz9bx9lsgzlp5y40000gn/T/XcodeDistPipeline.\~\~\~2jILsU/Root/Payload/PlayingCardDemo.app/PlayingCardDemo
2020-03-30 12:54:31 +0000      Command exited with pid 49326 exit 0:
    /Applications/Xcode.app/Contents/Developer/Toolchains/XcodeDefault.xctoolchain/usr/bin/otool -h -v -m -arch all /var/folders/_l/m3xln5w54nz9bx9lsgzlp5y40000gn/T/XcodeDistPipeline.\~\~\~2jILsU/Root/Payload/PlayingCardDemo.app/PlayingCardDemo
    Stdout:
        Mach header
              magic cputype cpusubtype  caps    filetype ncmds sizeofcmds      flags
        MH_MAGIC_64   ARM64        ALL  0x00     EXECUTE    35       4264   NOUNDEFS DYLDLINK TWOLEVEL PIE
    
    Stderr:
    
2020-03-30 12:54:31 +0000  /Applications/Xcode.app/Contents/Developer/Toolchains/XcodeDefault.xctoolchain/usr/bin/otool -l -v -m -arch arm64 /var/folders/_l/m3xln5w54nz9bx9lsgzlp5y40000gn/T/XcodeDistPipeline.\~\~\~2jILsU/Root/Payload/PlayingCardDemo.app/PlayingCardDemo
2020-03-30 12:54:31 +0000      Command exited with pid 49328 exit 0:
    /Applications/Xcode.app/Contents/Developer/Toolchains/XcodeDefault.xctoolchain/usr/bin/otool -l -v -m -arch arm64 /var/folders/_l/m3xln5w54nz9bx9lsgzlp5y40000gn/T/XcodeDistPipeline.\~\~\~2jILsU/Root/Payload/PlayingCardDemo.app/PlayingCardDemo
    Stdout:
        /var/folders/_l/m3xln5w54nz9bx9lsgzlp5y40000gn/T/XcodeDistPipeline.~~~2jILsU/Root/Payload/PlayingCardDemo.app/PlayingCardDemo:
        Mach header
              magic cputype cpusubtype  caps    filetype ncmds sizeofcmds      flags
        MH_MAGIC_64   ARM64        ALL  0x00     EXECUTE    35       4264   NOUNDEFS DYLDLINK TWOLEVEL PIE
        Load command 0
              cmd LC_SEGMENT_64
          cmdsize 72
          segname __PAGEZERO
           vmaddr 0x0000000000000000
           vmsize 0x0000000100000000
          fileoff 0
         filesize 0
          maxprot ---
         initprot ---
           nsects 0
            flags (none)
        Load command 1
              cmd LC_SEGMENT_64
          cmdsize 1352
          segname __TEXT
           vmaddr 0x0000000100000000
           vmsize 0x0000000000010000
          fileoff 0
         filesize 65536
          maxprot r-x
         initprot r-x
           nsects 16
            flags (none)
        Section
          sectname __text
           segname __TEXT
              addr 0x0000000100007b38
              size 0x0000000000005578
            offset 31544
             align 2^2 (4)
            reloff 0
            nreloc 0
              type S_REGULAR
        attributes PURE_INSTRUCTIONS SOME_INSTRUCTIONS
         reserved1 0
         reserved2 0
        Section
          sectname __stubs
           segname __TEXT
              addr 0x000000010000d0b0
              size 0x0000000000000324
            offset 53424
             align 2^2 (4)
            reloff 0
            nreloc 0
              type S_SYMBOL_STUBS
        attributes PURE_INSTRUCTIONS SOME_INSTRUCTIONS
         reserved1 0 (index into indirect symbol table)
         reserved2 12 (size of stubs)
        Section
          sectname __stub_helper
           segname __TEXT
              addr 0x000000010000d3d4
              size 0x000000000000033c
            offset 54228
             align 2^2 (4)
            reloff 0
            nreloc 0
              type S_REGULAR
        attributes PURE_INSTRUCTIONS SOME_INSTRUCTIONS
         reserved1 0
         reserved2 0
        Section
          sectname __const
           segname __TEXT
              addr 0x000000010000d710
              size 0x00000000000007c8
            offset 55056
             align 2^4 (16)
            reloff 0
            nreloc 0
              type S_REGULAR
        attributes (none)
         reserved1 0
         reserved2 0
        Section
          sectname __cstring
           segname __TEXT
              addr 0x000000010000dee0
              size 0x0000000000000cb2
            offset 57056
             align 2^4 (16)
            reloff 0
            nreloc 0
              type S_CSTRING_LITERALS
        attributes (none)
         reserved1 0
         reserved2 0
        Section
          sectname __objc_methname
           segname __TEXT
              addr 0x000000010000eb92
              size 0x0000000000000cdc
            offset 60306
             align 2^0 (1)
            reloff 0
            nreloc 0
              type S_CSTRING_LITERALS
        attributes (none)
         reserved1 0
         reserved2 0
        Section
          sectname __swift5_typeref
           segname __TEXT
              addr 0x000000010000f86e
              size 0x00000000000001cd
            offset 63598
             align 2^1 (2)
            reloff 0
            nreloc 0
              type S_REGULAR
        attributes (none)
         reserved1 0
         reserved2 0
        Section
          sectname __swift5_reflstr
           segname __TEXT
              addr 0x000000010000fa40
              size 0x00000000000000ff
            offset 64064
             align 2^4 (16)
            reloff 0
            nreloc 0
              type S_REGULAR
        att
2020-03-30 12:54:31 +0000  ributes (none)
         reserved1 0
         reserved2 0
        Section
          sectname __swift5_fieldmd
           segname __TEXT
              addr 0x000000010000fb40
              size 0x0000000000000180
            offset 64320
             align 2^2 (4)
            reloff 0
            nreloc 0
              type S_REGULAR
        attributes (none)
         reserved1 0
         reserved2 0
        Section
          sectname __swift5_capture
           segname __TEXT
              addr 0x000000010000fcc0
              size 0x0000000000000010
            offset 64704
             align 2^2 (4)
            reloff 0
            nreloc 0
              type S_REGULAR
        attributes (none)
         reserved1 0
         reserved2 0
        Section
          sectname __swift5_assocty
           segname __TEXT
              addr 0x000000010000fcd0
              size 0x0000000000000048
            offset 64720
             align 2^2 (4)
            reloff 0
            nreloc 0
              type S_REGULAR
        attributes (none)
         reserved1 0
         reserved2 0
        Section
          sectname __swift5_proto
           segname __TEXT
              addr 0x000000010000fd18
              size 0x0000000000000030
            offset 64792
             align 2^2 (4)
            reloff 0
            nreloc 0
              type S_REGULAR
        attributes (none)
         reserved1 0
         reserved2 0
        Section
          sectname __swift5_types
           segname __TEXT
              addr 0x000000010000fd48
              size 0x0000000000000024
            offset 64840
             align 2^2 (4)
            reloff 0
            nreloc 0
              type S_REGULAR
        attributes (none)
         reserved1 0
         reserved2 0
        Section
          sectname __swift5_builtin
           segname __TEXT
              addr 0x000000010000fd6c
              size 0x0000000000000014
            offset 64876
             align 2^2 (4)
            reloff 0
            nreloc 0
              type S_REGULAR
        attributes (none)
         reserved1 0
         reserved2 0
        Section
          sectname __unwind_info
           segname __TEXT
              addr 0x000000010000fd80
              size 0x000000000000020c
            offset 64896
             align 2^2 (4)
            reloff 0
            nreloc 0
              type S_REGULAR
        attributes (none)
         reserved1 0
         reserved2 0
        Section
          sectname __eh_frame
           segname __TEXT
              addr 0x000000010000ff90
              size 0x0000000000000064
            offset 65424
             align 2^3 (8)
            reloff 0
            nreloc 0
              type S_REGULAR
        attributes (none)
         reserved1 0
         reserved2 0
        Load command 2
              cmd LC_SEGMENT_64
          cmdsize 1192
          segname __DATA
           vmaddr 0x0000000100010000
           vmsize 0x0000000000004000
          fileoff 65536
         filesize 16384
          maxprot rw-
         initprot rw-
           nsects 14
            flags (none)
        Section
          sectname __got
           segname __DATA
              addr 0x0000000100010000
              size 0x0000000000000080
            offset 65536
             align 2^3 (8)
            reloff 0
            nreloc 0
              type S_NON_LAZY_SYMBOL_POINTERS
        attributes (none)
         reserved1 67 (index into indirect symbol table)
         reserved2 0
        Section
          sectname __la_symbol_ptr
           segname __DATA
              addr 0x0000000100010080
              size 0x0000000000000218
            offset 65664
             align 2^3 (8)
            reloff 0
            nreloc 0
              type S_LAZY_SYMBOL_POINTERS
        attributes (none)
         reserved1 83 (index into indirect symbol table)
         reserved2 0
        Section
          sectname __const
           segname __DATA
              addr 0x0000000100010298
              size 0x0000000000000358
            offset 66200
             align 2^3 (8)
2020-03-30 12:54:31 +0000              reloff 0
            nreloc 0
              type S_REGULAR
        attributes (none)
         reserved1 0
         reserved2 0
        Section
          sectname __objc_classlist
           segname __DATA
              addr 0x00000001000105f0
              size 0x0000000000000018
            offset 67056
             align 2^3 (8)
            reloff 0
            nreloc 0
              type S_REGULAR
        attributes NO_DEAD_STRIP
         reserved1 0
         reserved2 0
        Section
          sectname __objc_protolist
           segname __DATA
              addr 0x0000000100010608
              size 0x0000000000000010
            offset 67080
             align 2^3 (8)
            reloff 0
            nreloc 0
              type S_REGULAR
        attributes (none)
         reserved1 0
         reserved2 0
        Section
          sectname __objc_imageinfo
           segname __DATA
              addr 0x0000000100010618
              size 0x0000000000000008
            offset 67096
             align 2^2 (4)
            reloff 0
            nreloc 0
              type S_REGULAR
        attributes (none)
         reserved1 0
         reserved2 0
        Section
          sectname __objc_const
           segname __DATA
              addr 0x0000000100010620
              size 0x0000000000001298
            offset 67104
             align 2^3 (8)
            reloff 0
            nreloc 0
              type S_REGULAR
        attributes (none)
         reserved1 0
         reserved2 0
        Section
          sectname __objc_selrefs
           segname __DATA
              addr 0x00000001000118b8
              size 0x0000000000000158
            offset 71864
             align 2^3 (8)
            reloff 0
            nreloc 0
              type S_LITERAL_POINTERS
        attributes NO_DEAD_STRIP
         reserved1 0
         reserved2 0
        Section
          sectname __objc_protorefs
           segname __DATA
              addr 0x0000000100011a10
              size 0x0000000000000010
            offset 72208
             align 2^3 (8)
            reloff 0
            nreloc 0
              type S_REGULAR
        attributes (none)
         reserved1 0
         reserved2 0
        Section
          sectname __objc_classrefs
           segname __DATA
              addr 0x0000000100011a20
              size 0x0000000000000058
            offset 72224
             align 2^3 (8)
            reloff 0
            nreloc 0
              type S_REGULAR
        attributes NO_DEAD_STRIP
         reserved1 0
         reserved2 0
        Section
          sectname __objc_data
           segname __DATA
              addr 0x0000000100011a78
              size 0x00000000000002b0
            offset 72312
             align 2^3 (8)
            reloff 0
            nreloc 0
              type S_REGULAR
        attributes (none)
         reserved1 0
         reserved2 0
        Section
          sectname __data
           segname __DATA
              addr 0x0000000100011d28
              size 0x00000000000004d0
            offset 73000
             align 2^3 (8)
            reloff 0
            nreloc 0
              type S_REGULAR
        attributes (none)
         reserved1 0
         reserved2 0
        Section
          sectname __bss
           segname __DATA
              addr 0x0000000100012200
              size 0x0000000000000600
            offset 0
             align 2^4 (16)
            reloff 0
            nreloc 0
              type S_ZEROFILL
        attributes (none)
         reserved1 0
         reserved2 0
        Section
          sectname __common
           segname __DATA
              addr 0x0000000100012800
              size 0x0000000000000008
            offset 0
             align 2^3 (8)
            reloff 0
            nreloc 0
              type S_ZEROFILL
        attributes (none)
         reserved1 0
         reserved2 0
        Load command 3
              cmd LC_SEGMENT_64
          cmdsize 152
          segname __LLVM
           vmaddr 0x0000000100014000
           vmsize 0x000000000003c000
 
2020-03-30 12:54:31 +0000           fileoff 81920
         filesize 245760
          maxprot rw-
         initprot rw-
           nsects 1
            flags NORELOC
        Section
          sectname __bundle
           segname __LLVM
              addr 0x0000000100014000
              size 0x000000000003b257
            offset 81920
             align 2^0 (1)
            reloff 0
            nreloc 0
              type S_REGULAR
        attributes (none)
         reserved1 0
         reserved2 0
        Load command 4
              cmd LC_SEGMENT_64
          cmdsize 72
          segname __LINKEDIT
           vmaddr 0x0000000100050000
           vmsize 0x000000000000c000
          fileoff 327680
         filesize 34752
          maxprot r--
         initprot r--
           nsects 0
            flags (none)
        Load command 5
                    cmd LC_DYLD_INFO_ONLY
                cmdsize 48
             rebase_off 327680
            rebase_size 328
               bind_off 328008
              bind_size 2896
          weak_bind_off 0
         weak_bind_size 0
          lazy_bind_off 330904
         lazy_bind_size 2488
             export_off 333392
            export_size 48
        Load command 6
             cmd LC_SYMTAB
         cmdsize 24
          symoff 333624
           nsyms 138
          stroff 336432
         strsize 4208
        Load command 7
                    cmd LC_DYSYMTAB
                cmdsize 80
              ilocalsym 0
              nlocalsym 1
             iextdefsym 1
             nextdefsym 1
              iundefsym 2
              nundefsym 136
                 tocoff 0
                   ntoc 0
              modtaboff 0
                nmodtab 0
           extrefsymoff 0
            nextrefsyms 0
         indirectsymoff 335832
          nindirectsyms 150
              extreloff 0
                nextrel 0
              locreloff 0
                nlocrel 0
        Load command 8
                  cmd LC_LOAD_DYLINKER
              cmdsize 32
                 name /usr/lib/dyld (offset 12)
        Load command 9
             cmd LC_UUID
         cmdsize 24
            uuid 3DD668A5-E828-30C7-8C56-76CB419828C9
        Load command 10
               cmd LC_BUILD_VERSION
           cmdsize 32
          platform ios
               sdk 12.4
             minos 12.4
            ntools 1
              tool ld
           version 450.3
        Load command 11
              cmd LC_SOURCE_VERSION
          cmdsize 16
          version 0.0
        Load command 12
               cmd LC_MAIN
           cmdsize 24
          entryoff 33876
         stacksize 0
        Load command 13
                  cmd LC_ENCRYPTION_INFO_64
              cmdsize 24
             cryptoff 16384
            cryptsize 49152
              cryptid 0
                  pad 0
        Load command 14
                  cmd LC_LOAD_DYLIB
              cmdsize 88
                 name /System/Library/Frameworks/Foundation.framework/Foundation (offset 24)
           time stamp 2 Thu Jan  1 08:00:02 1970
              current version 1575.17.0
        compatibility version 300.0.0
        Load command 15
                  cmd LC_LOAD_DYLIB
              cmdsize 56
                 name /usr/lib/libobjc.A.dylib (offset 24)
           time stamp 2 Thu Jan  1 08:00:02 1970
              current version 228.0.0
        compatibility version 1.0.0
        Load command 16
                  cmd LC_LOAD_DYLIB
              cmdsize 56
                 name /usr/lib/libSystem.B.dylib (offset 24)
           time stamp 2 Thu Jan  1 08:00:02 1970
              current version 1252.250.1
        compatibility version 1.0.0
        Load command 17
                  cmd LC_LOAD_DYLIB
              cmdsize 88
                 name /System/Library/Frameworks/CoreGraphics.framework/CoreGraphics (offset 24)
           time stamp 2 Thu Jan  1 08:00:02 1970
              current version 1265.9.0
        compatibility version 64.0.0
        Load command 18
                  cmd LC_LOAD_DYLIB
              cmdsize 80
                 name /System/Library/Frameworks/UIKit.framework/U
2020-03-30 12:54:31 +0000  IKit (offset 24)
           time stamp 2 Thu Jan  1 08:00:02 1970
              current version 61000.0.0
        compatibility version 1.0.0
        Load command 19
                  cmd LC_LOAD_DYLIB
              cmdsize 56
                 name @rpath/libswiftCore.dylib (offset 24)
           time stamp 2 Thu Jan  1 08:00:02 1970
              current version 1001.0.82
        compatibility version 1.0.0
        Load command 20
                  cmd LC_LOAD_DYLIB
              cmdsize 64
                 name @rpath/libswiftCoreFoundation.dylib (offset 24)
           time stamp 2 Thu Jan  1 08:00:02 1970
              current version 1001.0.82
        compatibility version 1.0.0
        Load command 21
                  cmd LC_LOAD_DYLIB
              cmdsize 64
                 name @rpath/libswiftCoreGraphics.dylib (offset 24)
           time stamp 2 Thu Jan  1 08:00:02 1970
              current version 1001.0.82
        compatibility version 1.0.0
        Load command 22
                  cmd LC_LOAD_DYLIB
              cmdsize 56
                 name @rpath/libswiftCoreImage.dylib (offset 24)
           time stamp 2 Thu Jan  1 08:00:02 1970
              current version 1001.0.82
        compatibility version 1.0.0
        Load command 23
                  cmd LC_LOAD_DYLIB
              cmdsize 56
                 name @rpath/libswiftDarwin.dylib (offset 24)
           time stamp 2 Thu Jan  1 08:00:02 1970
              current version 1001.0.82
        compatibility version 1.0.0
        Load command 24
                  cmd LC_LOAD_DYLIB
              cmdsize 56
                 name @rpath/libswiftDispatch.dylib (offset 24)
           time stamp 2 Thu Jan  1 08:00:02 1970
              current version 1001.0.82
        compatibility version 1.0.0
        Load command 25
                  cmd LC_LOAD_DYLIB
              cmdsize 56
                 name @rpath/libswiftFoundation.dylib (offset 24)
           time stamp 2 Thu Jan  1 08:00:02 1970
              current version 1001.0.82
        compatibility version 1.0.0
        Load command 26
                  cmd LC_LOAD_DYLIB
              cmdsize 56
                 name @rpath/libswiftMetal.dylib (offset 24)
           time stamp 2 Thu Jan  1 08:00:02 1970
              current version 1001.0.82
        compatibility version 1.0.0
        Load command 27
                  cmd LC_LOAD_DYLIB
              cmdsize 56
                 name @rpath/libswiftObjectiveC.dylib (offset 24)
           time stamp 2 Thu Jan  1 08:00:02 1970
              current version 1001.0.82
        compatibility version 1.0.0
        Load command 28
                  cmd LC_LOAD_DYLIB
              cmdsize 56
                 name @rpath/libswiftQuartzCore.dylib (offset 24)
           time stamp 2 Thu Jan  1 08:00:02 1970
              current version 1001.0.82
        compatibility version 1.0.0
        Load command 29
                  cmd LC_LOAD_DYLIB
              cmdsize 56
                 name @rpath/libswiftUIKit.dylib (offset 24)
           time stamp 2 Thu Jan  1 08:00:02 1970
              current version 1001.0.82
        compatibility version 1.0.0
        Load command 30
                  cmd LC_RPATH
              cmdsize 32
                 path /usr/lib/swift (offset 12)
        Load command 31
                  cmd LC_RPATH
              cmdsize 40
                 path @executable_path/Frameworks (offset 12)
        Load command 32
              cmd LC_FUNCTION_STARTS
          cmdsize 16
          dataoff 333440
         datasize 184
        Load command 33
              cmd LC_DATA_IN_CODE
          cmdsize 16
          dataoff 333624
         datasize 0
        Load command 34
              cmd LC_CODE_SIGNATURE
          cmdsize 16
          dataoff 340640
         datasize 21792
    
    Stderr:
    
2020-03-30 12:54:31 +0000  /usr/bin/file -b -- /var/folders/_l/m3xln5w54nz9bx9lsgzlp5y40000gn/T/XcodeDistPipeline.\~\~\~2jILsU/Root/Payload/PlayingCardDemo.app/_CodeSignature/CodeResources
2020-03-30 12:54:31 +0000      Command exited with pid 49330 exit 0:
    /usr/bin/file -b -- /var/folders/_l/m3xln5w54nz9bx9lsgzlp5y40000gn/T/XcodeDistPipeline.\~\~\~2jILsU/Root/Payload/PlayingCardDemo.app/_CodeSignature/CodeResources
    Stdout:
        XML 1.0 document text, ASCII text
    
    Stderr:
    
2020-03-30 12:54:31 +0000  /usr/bin/file -b -- /var/folders/_l/m3xln5w54nz9bx9lsgzlp5y40000gn/T/XcodeDistPipeline.\~\~\~2jILsU/Root/Payload/PlayingCardDemo.app/embedded.mobileprovision
2020-03-30 12:54:31 +0000      Command exited with pid 49331 exit 0:
    /usr/bin/file -b -- /var/folders/_l/m3xln5w54nz9bx9lsgzlp5y40000gn/T/XcodeDistPipeline.\~\~\~2jILsU/Root/Payload/PlayingCardDemo.app/embedded.mobileprovision
    Stdout:
        data
    
    Stderr:
    
2020-03-30 12:54:32 +0000  warning: Failed to resolve linkage dependency PlayingCardDemo arm64 -> @rpath/libswiftCore.dylib: Could not resolve @rpath in @rpath/libswiftCore.dylib from PlayingCardDemo
2020-03-30 12:54:32 +0000  warning: Failed to resolve linkage dependency PlayingCardDemo arm64 -> @rpath/libswiftCoreFoundation.dylib: Could not resolve @rpath in @rpath/libswiftCoreFoundation.dylib from PlayingCardDemo
warning: Failed to resolve linkage dependency PlayingCardDemo arm64 -> @rpath/libswiftCoreGraphics.dylib: Could not resolve @rpath in @rpath/libswiftCoreGraphics.dylib from PlayingCardDemo
warning: Failed to resolve linkage dependency PlayingCardDemo arm64 -> @rpath/libswiftCoreImage.dylib: Could not resolve @rpath in @rpath/libswiftCoreImage.dylib from PlayingCardDemo
2020-03-30 12:54:32 +0000  warning: Failed to resolve linkage dependency PlayingCardDemo arm64 -> @rpath/libswiftDarwin.dylib: Could not resolve @rpath in @rpath/libswiftDarwin.dylib from PlayingCardDemo
warning: Failed to resolve linkage dependency PlayingCardDemo arm64 -> @rpath/libswiftDispatch.dylib: Could not resolve @rpath in @rpath/libswiftDispatch.dylib from PlayingCardDemo
2020-03-30 12:54:32 +0000  warning: Failed to resolve linkage dependency PlayingCardDemo arm64 -> @rpath/libswiftFoundation.dylib: Could not resolve @rpath in @rpath/libswiftFoundation.dylib from PlayingCardDemo
warning: Failed to resolve linkage dependency PlayingCardDemo arm64 -> @rpath/libswiftMetal.dylib: Could not resolve @rpath in @rpath/libswiftMetal.dylib from PlayingCardDemo
2020-03-30 12:54:32 +0000  warning: Failed to resolve linkage dependency PlayingCardDemo arm64 -> @rpath/libswiftObjectiveC.dylib: Could not resolve @rpath in @rpath/libswiftObjectiveC.dylib from PlayingCardDemo
warning: Failed to resolve linkage dependency PlayingCardDemo arm64 -> @rpath/libswiftQuartzCore.dylib: Could not resolve @rpath in @rpath/libswiftQuartzCore.dylib from PlayingCardDemo
2020-03-30 12:54:32 +0000  warning: Failed to resolve linkage dependency PlayingCardDemo arm64 -> @rpath/libswiftUIKit.dylib: Could not resolve @rpath in @rpath/libswiftUIKit.dylib from PlayingCardDemo
2020-03-30 12:54:32 +0000  Complete LinkageGraph:
    PlayingCardDemo.app/PlayingCardDemo arm64 ->
2020-03-30 12:54:32 +0000  Validating IPA structure...
2020-03-30 12:54:32 +0000  /Applications/Xcode.app/Contents/Developer/usr/bin/bitcode-build-tool -v -t /Applications/Xcode.app/Contents/Developer/Toolchains/XcodeDefault.xctoolchain/usr/bin --sdk /Applications/Xcode.app/Contents/Developer/Platforms/iPhoneOS.platform/Developer/SDKs/iPhoneOS12.4.sdk -o /var/folders/_l/m3xln5w54nz9bx9lsgzlp5y40000gn/T/ipatool20200330-49301-wy8n0i/thinned-out/arm64/Payload/PlayingCardDemo.app/PlayingCardDemo --generate-dsym /var/folders/_l/m3xln5w54nz9bx9lsgzlp5y40000gn/T/ipatool20200330-49301-wy8n0i/thinned-out/arm64/Payload/PlayingCardDemo.app/PlayingCardDemo.dSYM --strip-swift-symbols /var/folders/_l/m3xln5w54nz9bx9lsgzlp5y40000gn/T/ipatool20200330-49301-wy8n0i/thinned-in/arm64/Payload/PlayingCardDemo.app/PlayingCardDemo
2020-03-30 12:54:32 +0000  Compiling bitcode...
  Compiling bitcode for arm64...
    Compiling arm64 bitcode in 'PlayingCardDemo'
2020-03-30 12:54:33 +0000      Command exited with pid 49347 exit 0:
    /Applications/Xcode.app/Contents/Developer/usr/bin/bitcode-build-tool -v -t /Applications/Xcode.app/Contents/Developer/Toolchains/XcodeDefault.xctoolchain/usr/bin --sdk /Applications/Xcode.app/Contents/Developer/Platforms/iPhoneOS.platform/Developer/SDKs/iPhoneOS12.4.sdk -o /var/folders/_l/m3xln5w54nz9bx9lsgzlp5y40000gn/T/ipatool20200330-49301-wy8n0i/thinned-out/arm64/Payload/PlayingCardDemo.app/PlayingCardDemo --generate-dsym /var/folders/_l/m3xln5w54nz9bx9lsgzlp5y40000gn/T/ipatool20200330-49301-wy8n0i/thinned-out/arm64/Payload/PlayingCardDemo.app/PlayingCardDemo.dSYM --strip-swift-symbols /var/folders/_l/m3xln5w54nz9bx9lsgzlp5y40000gn/T/ipatool20200330-49301-wy8n0i/thinned-in/arm64/Payload/PlayingCardDemo.app/PlayingCardDemo
    Stdout:
        Debug: SDK path: /Applications/Xcode.app/Contents/Developer/Platforms/iPhoneOS.platform/Developer/SDKs/iPhoneOS12.4.sdk
        Debug: PATH: ['/Applications/Xcode.app/Contents/Developer/Toolchains/XcodeDefault.xctoolchain/usr/bin', '/Applications/Xcode.app/Contents/Developer/usr/bin']
        Debug: Using: /Applications/Xcode.app/Contents/Developer/Toolchains/XcodeDefault.xctoolchain/usr/bin/lipo
        MachoInfo: cd /
        "/Applications/Xcode.app/Contents/Developer/Toolchains/XcodeDefault.xctoolchain/usr/bin/lipo" "-info" "/var/folders/_l/m3xln5w54nz9bx9lsgzlp5y40000gn/T/ipatool20200330-49301-wy8n0i/thinned-in/arm64/Payload/PlayingCardDemo.app/PlayingCardDemo"
        -= Output =-
        Non-fat file: /var/folders/_l/m3xln5w54nz9bx9lsgzlp5y40000gn/T/ipatool20200330-49301-wy8n0i/thinned-in/arm64/Payload/PlayingCardDemo.app/PlayingCardDemo is architecture: arm64
        Exited with 0
        
        Debug: Command took 0 seconds
        Debug: Using: /Applications/Xcode.app/Contents/Developer/Toolchains/XcodeDefault.xctoolchain/usr/bin/dwarfdump
        GetUUID: cd /
        "/Applications/Xcode.app/Contents/Developer/Toolchains/XcodeDefault.xctoolchain/usr/bin/dwarfdump" "-u" "/var/folders/_l/m3xln5w54nz9bx9lsgzlp5y40000gn/T/ipatool20200330-49301-wy8n0i/thinned-in/arm64/Payload/PlayingCardDemo.app/PlayingCardDemo"
        -= Output =-
        UUID: 3DD668A5-E828-30C7-8C56-76CB419828C9 (arm64) /var/folders/_l/m3xln5w54nz9bx9lsgzlp5y40000gn/T/ipatool20200330-49301-wy8n0i/thinned-in/arm64/Payload/PlayingCardDemo.app/PlayingCardDemo
        Exited with 0
        
        Debug: Command took 0 seconds
        Debug: Using: /Applications/Xcode.app/Contents/Developer/Toolchains/XcodeDefault.xctoolchain/usr/bin/segedit
        ExtractXAR: cd /
        "/Applications/Xcode.app/Contents/Developer/Toolchains/XcodeDefault.xctoolchain/usr/bin/segedit" "/var/folders/_l/m3xln5w54nz9bx9lsgzlp5y40000gn/T/ipatool20200330-49301-wy8n0i/thinned-in/arm64/Payload/PlayingCardDemo.app/PlayingCardDemo" "-extract" "__LLVM" "__bundle" "/var/folders/_l/m3xln5w54nz9bx9lsgzlp5y40000gn/T/PlayingCardDemoinHHMc/PlayingCardDemo.arm64.xar"
        -= Output =-
        Exited with 0
        
        Debug: Command took 0 seconds
        Debug: Bitcode bundle version: 1.0
        Debug: Setting platform to: iOS
        Debug: Using: /Applications/Xcode.app/Contents/Developer/Toolchains/XcodeDefault.xctoolchain/usr/bin/ld
        Debug: Using: /Applications/Xcode.app/Contents/Developer/Toolchains/XcodeDefault.xctoolchain/usr/bin/swiftc
        Swift: cd /var/folders/_l/m3xln5w54nz9bx9lsgzlp5y40000gn/T/tempfDFxWR
        "/Applications/Xcode.app/Contents/Developer/Toolchains/XcodeDefault.xctoolchain/usr/bin/swiftc" "-frontend" "-emit-object" "-target" "arm64-apple-ios12.4" "-Xllvm" "-aarch64-use-tbi" "-O" "-disable-llvm-optzns" "-module-name" "PlayingCardDemo" "1.bc" "-o" "1.o"
        -= Output =-
        Exited with 0
        
        Debug: Command took 0 seconds
        Swift: cd /var/folders/_l/m3xln5w54nz9bx9lsgzlp5y40000gn/T/tempfDFxWR
        "/Applications/Xcode.app/Contents/Developer/Toolchains/XcodeDefault.xctoolchain/usr/bin/swiftc" "-frontend" "-emit-object" "-target" "arm64-apple-ios12.4" "-Xllvm" "-aarch64-use-tbi" "-O" "-disable-llvm-optzns" "-module
2020-03-30 12:54:33 +0000  -name" "PlayingCardDemo" "2.bc" "-o" "2.o"
        -= Output =-
        Exited with 0
        
        Debug: Command took 0 seconds
        Swift: cd /var/folders/_l/m3xln5w54nz9bx9lsgzlp5y40000gn/T/tempfDFxWR
        "/Applications/Xcode.app/Contents/Developer/Toolchains/XcodeDefault.xctoolchain/usr/bin/swiftc" "-frontend" "-emit-object" "-target" "arm64-apple-ios12.4" "-Xllvm" "-aarch64-use-tbi" "-O" "-disable-llvm-optzns" "-module-name" "PlayingCardDemo" "3.bc" "-o" "3.o"
        -= Output =-
        Exited with 0
        
        Debug: Command took 0 seconds
        Swift: cd /var/folders/_l/m3xln5w54nz9bx9lsgzlp5y40000gn/T/tempfDFxWR
        "/Applications/Xcode.app/Contents/Developer/Toolchains/XcodeDefault.xctoolchain/usr/bin/swiftc" "-frontend" "-emit-object" "-target" "arm64-apple-ios12.4" "-Xllvm" "-aarch64-use-tbi" "-O" "-disable-llvm-optzns" "-module-name" "PlayingCardDemo" "4.bc" "-o" "4.o"
        -= Output =-
        Exited with 0
        
        Debug: Command took 0 seconds
        Swift: cd /var/folders/_l/m3xln5w54nz9bx9lsgzlp5y40000gn/T/tempfDFxWR
        "/Applications/Xcode.app/Contents/Developer/Toolchains/XcodeDefault.xctoolchain/usr/bin/swiftc" "-frontend" "-emit-object" "-target" "arm64-apple-ios12.4" "-Xllvm" "-aarch64-use-tbi" "-O" "-disable-llvm-optzns" "-module-name" "PlayingCardDemo" "5.bc" "-o" "5.o"
        -= Output =-
        Exited with 0
        
        Debug: Command took 0 seconds
        Debug: Found framework/dylib: /Applications/Xcode.app/Contents/Developer/Platforms/iPhoneOS.platform/Developer/SDKs/iPhoneOS12.4.sdk/System/Library/Frameworks/Foundation.framework/Foundation.tbd
        Debug: Found framework/dylib: /Applications/Xcode.app/Contents/Developer/Platforms/iPhoneOS.platform/Developer/SDKs/iPhoneOS12.4.sdk/usr/lib/libobjc.A.tbd
        Debug: Found framework/dylib: /Applications/Xcode.app/Contents/Developer/Platforms/iPhoneOS.platform/Developer/SDKs/iPhoneOS12.4.sdk/usr/lib/libSystem.B.tbd
        Debug: Found framework/dylib: /Applications/Xcode.app/Contents/Developer/Platforms/iPhoneOS.platform/Developer/SDKs/iPhoneOS12.4.sdk/System/Library/Frameworks/CoreGraphics.framework/CoreGraphics.tbd
        Debug: Found framework/dylib: /Applications/Xcode.app/Contents/Developer/Platforms/iPhoneOS.platform/Developer/SDKs/iPhoneOS12.4.sdk/System/Library/Frameworks/UIKit.framework/UIKit.tbd
        Debug: Found framework/dylib: /Applications/Xcode.app/Contents/Developer/Platforms/iPhoneOS.platform/Developer/SDKs/iPhoneOS12.4.sdk/usr/lib/libobjc.A.tbd
        Debug: Using: /Applications/Xcode.app/Contents/Developer/Toolchains/XcodeDefault.xctoolchain/usr/bin/clang
        Debug: Found framework/dylib: /Applications/Xcode.app/Contents/Developer/Toolchains/XcodeDefault.xctoolchain/usr/lib/swift/iphoneos/libswiftCore.dylib
        Debug: Found framework/dylib: /Applications/Xcode.app/Contents/Developer/Toolchains/XcodeDefault.xctoolchain/usr/lib/swift/iphoneos/libswiftCoreFoundation.dylib
        Debug: Found framework/dylib: /Applications/Xcode.app/Contents/Developer/Toolchains/XcodeDefault.xctoolchain/usr/lib/swift/iphoneos/libswiftCoreGraphics.dylib
        Debug: Found framework/dylib: /Applications/Xcode.app/Contents/Developer/Toolchains/XcodeDefault.xctoolchain/usr/lib/swift/iphoneos/libswiftCoreImage.dylib
        Debug: Found framework/dylib: /Applications/Xcode.app/Contents/Developer/Toolchains/XcodeDefault.xctoolchain/usr/lib/swift/iphoneos/libswiftDarwin.dylib
        Debug: Found framework/dylib: /Applications/Xcode.app/Contents/Developer/Toolchains/XcodeDefault.xctoolchain/usr/lib/swift/iphoneos/libswiftDispatch.dylib
        Debug: Found framework/dylib: /Applications/Xcode.app/Contents/Developer/Toolchains/XcodeDefault.xctoolchain/usr/lib/swift/iphoneos/libswiftFoundation.dylib
        Debug: Found framework/dylib: /Applications/Xcode.app/Contents/Developer/Toolchains/XcodeDefault.xctoolchain/usr/lib/swift/iphoneos/libswiftMetal.dylib
        Debug: Found framework/dylib: /Applications/Xcode.app/Contents/Developer/Toolchains/XcodeDefault.xctoolchain/usr/lib/swift/i
2020-03-30 12:54:33 +0000  phoneos/libswiftObjectiveC.dylib
        Debug: Found framework/dylib: /Applications/Xcode.app/Contents/Developer/Toolchains/XcodeDefault.xctoolchain/usr/lib/swift/iphoneos/libswiftQuartzCore.dylib
        Debug: Found framework/dylib: /Applications/Xcode.app/Contents/Developer/Toolchains/XcodeDefault.xctoolchain/usr/lib/swift/iphoneos/libswiftUIKit.dylib
        Ld: cd /var/folders/_l/m3xln5w54nz9bx9lsgzlp5y40000gn/T/tempfDFxWR
        "/Applications/Xcode.app/Contents/Developer/Toolchains/XcodeDefault.xctoolchain/usr/bin/ld" "-arch" "arm64" "-execute" "-ios_version_min" "12.4.0" "-e" "_main" "-rpath" "/usr/lib/swift" "-rpath" "@executable_path/Frameworks" "-executable_path" "/Users/jefferson/Library/Developer/Xcode/DerivedData/PlayingCardDemo-aeggsdzoltgujggqezoevykzckss/Build/Intermediates.noindex/ArchiveIntermediates/PlayingCardDemo/InstallationBuildProductsLocation/Applications/PlayingCardDemo.app/PlayingCardDemo" "-dead_strip" "-syslibroot" "/Applications/Xcode.app/Contents/Developer/Platforms/iPhoneOS.platform/Developer/SDKs/iPhoneOS12.4.sdk" "-sdk_version" "12.4.0" "-filelist" "/private/var/folders/_l/m3xln5w54nz9bx9lsgzlp5y40000gn/T/PlayingCardDemoinHHMc/PlayingCardDemo.arm64.out.LinkFileList" "-ignore_auto_link" "-allow_dead_duplicates" "/Applications/Xcode.app/Contents/Developer/Platforms/iPhoneOS.platform/Developer/SDKs/iPhoneOS12.4.sdk/System/Library/Frameworks/Foundation.framework/Foundation.tbd" "/Applications/Xcode.app/Contents/Developer/Platforms/iPhoneOS.platform/Developer/SDKs/iPhoneOS12.4.sdk/usr/lib/libobjc.A.tbd" "/Applications/Xcode.app/Contents/Developer/Platforms/iPhoneOS.platform/Developer/SDKs/iPhoneOS12.4.sdk/usr/lib/libSystem.B.tbd" "/Applications/Xcode.app/Contents/Developer/Platforms/iPhoneOS.platform/Developer/SDKs/iPhoneOS12.4.sdk/System/Library/Frameworks/CoreGraphics.framework/CoreGraphics.tbd" "/Applications/Xcode.app/Contents/Developer/Platforms/iPhoneOS.platform/Developer/SDKs/iPhoneOS12.4.sdk/System/Library/Frameworks/UIKit.framework/UIKit.tbd" "/Applications/Xcode.app/Contents/Developer/Platforms/iPhoneOS.platform/Developer/SDKs/iPhoneOS12.4.sdk/usr/lib/libobjc.A.tbd" "/Applications/Xcode.app/Contents/Developer/Toolchains/XcodeDefault.xctoolchain/usr/lib/swift/iphoneos/libswiftCore.dylib" "/Applications/Xcode.app/Contents/Developer/Toolchains/XcodeDefault.xctoolchain/usr/lib/swift/iphoneos/libswiftCoreFoundation.dylib" "/Applications/Xcode.app/Contents/Developer/Toolchains/XcodeDefault.xctoolchain/usr/lib/swift/iphoneos/libswiftCoreGraphics.dylib" "/Applications/Xcode.app/Contents/Developer/Toolchains/XcodeDefault.xctoolchain/usr/lib/swift/iphoneos/libswiftCoreImage.dylib" "/Applications/Xcode.app/Contents/Developer/Toolchains/XcodeDefault.xctoolchain/usr/lib/swift/iphoneos/libswiftDarwin.dylib" "/Applications/Xcode.app/Contents/Developer/Toolchains/XcodeDefault.xctoolchain/usr/lib/swift/iphoneos/libswiftDispatch.dylib" "/Applications/Xcode.app/Contents/Developer/Toolchains/XcodeDefault.xctoolchain/usr/lib/swift/iphoneos/libswiftFoundation.dylib" "/Applications/Xcode.app/Contents/Developer/Toolchains/XcodeDefault.xctoolchain/usr/lib/swift/iphoneos/libswiftMetal.dylib" "/Applications/Xcode.app/Contents/Developer/Toolchains/XcodeDefault.xctoolchain/usr/lib/swift/iphoneos/libswiftObjectiveC.dylib" "/Applications/Xcode.app/Contents/Developer/Toolchains/XcodeDefault.xctoolchain/usr/lib/swift/iphoneos/libswiftQuartzCore.dylib" "/Applications/Xcode.app/Contents/Developer/Toolchains/XcodeDefault.xctoolchain/usr/lib/swift/iphoneos/libswiftUIKit.dylib" "/Applications/Xcode.app/Contents/Developer/Toolchains/XcodeDefault.xctoolchain/usr/lib/clang/10.0.1/lib/darwin/libclang_rt.ios.a" "-o" "/private/var/folders/_l/m3xln5w54nz9bx9lsgzlp5y40000gn/T/PlayingCardDemoinHHMc/PlayingCardDemo.arm64.out"
        -= Output =-
        Exited with 0
        
        Debug: Command took 0 seconds
        warning: Cannot genarte useful dsym from input macho file: /var/folders/_l/m3xln5w54nz9bx9lsgzlp5y40000gn/T/ipatool20200330-49301-wy8n0i/thinned-in/arm64/Payload/PlayingCardDemo.app/PlayingCardDemo
        
 
2020-03-30 12:54:33 +0000         GetUUID: cd /
        "/Applications/Xcode.app/Contents/Developer/Toolchains/XcodeDefault.xctoolchain/usr/bin/dwarfdump" "-u" "/var/folders/_l/m3xln5w54nz9bx9lsgzlp5y40000gn/T/ipatool20200330-49301-wy8n0i/thinned-out/arm64/Payload/PlayingCardDemo.app/PlayingCardDemo"
        -= Output =-
        UUID: 54087F4A-AB4D-3DE3-97F7-F7DF2517877D (arm64) /var/folders/_l/m3xln5w54nz9bx9lsgzlp5y40000gn/T/ipatool20200330-49301-wy8n0i/thinned-out/arm64/Payload/PlayingCardDemo.app/PlayingCardDemo
        Exited with 0
        
        Debug: Command took 0 seconds
        Debug: Using: /Applications/Xcode.app/Contents/Developer/Toolchains/XcodeDefault.xctoolchain/usr/bin/dsymutil
        Dsymutil: cd /
        "/Applications/Xcode.app/Contents/Developer/Toolchains/XcodeDefault.xctoolchain/usr/bin/dsymutil" "/var/folders/_l/m3xln5w54nz9bx9lsgzlp5y40000gn/T/ipatool20200330-49301-wy8n0i/thinned-out/arm64/Payload/PlayingCardDemo.app/PlayingCardDemo" "-o" "/var/folders/_l/m3xln5w54nz9bx9lsgzlp5y40000gn/T/ipatool20200330-49301-wy8n0i/thinned-out/arm64/Payload/PlayingCardDemo.app/PlayingCardDemo.dSYM"
        -= Output =-
        Exited with 0
        
        Debug: Command took 0 seconds
        Debug: Using: /Applications/Xcode.app/Contents/Developer/Toolchains/XcodeDefault.xctoolchain/usr/bin/strip
        StripSymbols: cd /
        "/Applications/Xcode.app/Contents/Developer/Toolchains/XcodeDefault.xctoolchain/usr/bin/strip" "/var/folders/_l/m3xln5w54nz9bx9lsgzlp5y40000gn/T/ipatool20200330-49301-wy8n0i/thinned-out/arm64/Payload/PlayingCardDemo.app/PlayingCardDemo"
        -= Output =-
        Exited with 0
        
        Debug: Command took 0 seconds
    
    Stderr:
    
/Applications/Xcode.app/Contents/Developer/usr/bin/symbols -failIfMissingDsym -symbolsPackageDir /var/folders/_l/m3xln5w54nz9bx9lsgzlp5y40000gn/T/ipatool20200330-49301-wy8n0i/thinned-out/arm64/Payload/PlayingCardDemo.app /var/folders/_l/m3xln5w54nz9bx9lsgzlp5y40000gn/T/ipatool20200330-49301-wy8n0i/thinned-out/arm64/Payload/PlayingCardDemo.app/PlayingCardDemo
2020-03-30 12:54:33 +0000      Command exited with pid 49365 exit 0:
    /Applications/Xcode.app/Contents/Developer/usr/bin/symbols -failIfMissingDsym -symbolsPackageDir /var/folders/_l/m3xln5w54nz9bx9lsgzlp5y40000gn/T/ipatool20200330-49301-wy8n0i/thinned-out/arm64/Payload/PlayingCardDemo.app /var/folders/_l/m3xln5w54nz9bx9lsgzlp5y40000gn/T/ipatool20200330-49301-wy8n0i/thinned-out/arm64/Payload/PlayingCardDemo.app/PlayingCardDemo
    Stdout:
        /var/folders/_l/m3xln5w54nz9bx9lsgzlp5y40000gn/T/ipatool20200330-49301-wy8n0i/thinned-out/arm64/Payload/PlayingCardDemo.app/PlayingCardDemo [arm64, 0.014200 seconds]:
    
    Stderr:
    
2020-03-30 12:54:33 +0000  /usr/bin/file -b -- /var/folders/_l/m3xln5w54nz9bx9lsgzlp5y40000gn/T/ipatool20200330-49301-wy8n0i/thinned-out/arm64/Payload/PlayingCardDemo.app/PlayingCardDemo.dSYM/Contents/Resources/DWARF/PlayingCardDemo
2020-03-30 12:54:33 +0000      Command exited with pid 49371 exit 0:
    /usr/bin/file -b -- /var/folders/_l/m3xln5w54nz9bx9lsgzlp5y40000gn/T/ipatool20200330-49301-wy8n0i/thinned-out/arm64/Payload/PlayingCardDemo.app/PlayingCardDemo.dSYM/Contents/Resources/DWARF/PlayingCardDemo
    Stdout:
        Mach-O 64-bit dSYM companion file arm64
    
    Stderr:
    
2020-03-30 12:54:33 +0000  /Applications/Xcode.app/Contents/Developer/Toolchains/XcodeDefault.xctoolchain/usr/bin/lipo -info /var/folders/_l/m3xln5w54nz9bx9lsgzlp5y40000gn/T/ipatool20200330-49301-wy8n0i/thinned-out/arm64/Payload/PlayingCardDemo.app/PlayingCardDemo.dSYM/Contents/Resources/DWARF/PlayingCardDemo
2020-03-30 12:54:33 +0000      Command exited with pid 49372 exit 0:
    /Applications/Xcode.app/Contents/Developer/Toolchains/XcodeDefault.xctoolchain/usr/bin/lipo -info /var/folders/_l/m3xln5w54nz9bx9lsgzlp5y40000gn/T/ipatool20200330-49301-wy8n0i/thinned-out/arm64/Payload/PlayingCardDemo.app/PlayingCardDemo.dSYM/Contents/Resources/DWARF/PlayingCardDemo
    Stdout:
        Non-fat file: /var/folders/_l/m3xln5w54nz9bx9lsgzlp5y40000gn/T/ipatool20200330-49301-wy8n0i/thinned-out/arm64/Payload/PlayingCardDemo.app/PlayingCardDemo.dSYM/Contents/Resources/DWARF/PlayingCardDemo is architecture: arm64
    
    Stderr:
    
2020-03-30 12:54:33 +0000  /Applications/Xcode.app/Contents/Developer/Toolchains/XcodeDefault.xctoolchain/usr/bin/otool -h -v -m -arch all /var/folders/_l/m3xln5w54nz9bx9lsgzlp5y40000gn/T/ipatool20200330-49301-wy8n0i/thinned-out/arm64/Payload/PlayingCardDemo.app/PlayingCardDemo.dSYM/Contents/Resources/DWARF/PlayingCardDemo
2020-03-30 12:54:33 +0000      Command exited with pid 49373 exit 0:
    /Applications/Xcode.app/Contents/Developer/Toolchains/XcodeDefault.xctoolchain/usr/bin/otool -h -v -m -arch all /var/folders/_l/m3xln5w54nz9bx9lsgzlp5y40000gn/T/ipatool20200330-49301-wy8n0i/thinned-out/arm64/Payload/PlayingCardDemo.app/PlayingCardDemo.dSYM/Contents/Resources/DWARF/PlayingCardDemo
    Stdout:
        Mach header
              magic cputype cpusubtype  caps    filetype ncmds sizeofcmds      flags
        MH_MAGIC_64   ARM64        ALL  0x00        DSYM     8       3712 0x00000000
    
    Stderr:
    
2020-03-30 12:54:33 +0000  /Applications/Xcode.app/Contents/Developer/Toolchains/XcodeDefault.xctoolchain/usr/bin/otool -l -v -m -arch arm64 /var/folders/_l/m3xln5w54nz9bx9lsgzlp5y40000gn/T/ipatool20200330-49301-wy8n0i/thinned-out/arm64/Payload/PlayingCardDemo.app/PlayingCardDemo.dSYM/Contents/Resources/DWARF/PlayingCardDemo
2020-03-30 12:54:33 +0000      Command exited with pid 49375 exit 0:
    /Applications/Xcode.app/Contents/Developer/Toolchains/XcodeDefault.xctoolchain/usr/bin/otool -l -v -m -arch arm64 /var/folders/_l/m3xln5w54nz9bx9lsgzlp5y40000gn/T/ipatool20200330-49301-wy8n0i/thinned-out/arm64/Payload/PlayingCardDemo.app/PlayingCardDemo.dSYM/Contents/Resources/DWARF/PlayingCardDemo
    Stdout:
        /var/folders/_l/m3xln5w54nz9bx9lsgzlp5y40000gn/T/ipatool20200330-49301-wy8n0i/thinned-out/arm64/Payload/PlayingCardDemo.app/PlayingCardDemo.dSYM/Contents/Resources/DWARF/PlayingCardDemo:
        Mach header
              magic cputype cpusubtype  caps    filetype ncmds sizeofcmds      flags
        MH_MAGIC_64   ARM64        ALL  0x00        DSYM     8       3712 0x00000000
        Load command 0
             cmd LC_UUID
         cmdsize 24
            uuid 54087F4A-AB4D-3DE3-97F7-F7DF2517877D
        Load command 1
               cmd LC_BUILD_VERSION
           cmdsize 24
          platform ios
               sdk 12.4
             minos 12.4
            ntools 0
        Load command 2
             cmd LC_SYMTAB
         cmdsize 24
          symoff 4096
           nsyms 334
          stroff 9440
         strsize 4538
        Load command 3
              cmd LC_SEGMENT_64
          cmdsize 72
          segname __PAGEZERO
           vmaddr 0x0000000000000000
           vmsize 0x0000000100000000
          fileoff 0
         filesize 0
          maxprot ---
         initprot ---
           nsects 0
            flags (none)
        Load command 4
              cmd LC_SEGMENT_64
          cmdsize 1352
          segname __TEXT
           vmaddr 0x0000000100000000
           vmsize 0x0000000000010000
          fileoff 0
         filesize 0
          maxprot r-x
         initprot r-x
           nsects 16
            flags (none)
        Section
          sectname __text
           segname __TEXT
              addr 0x0000000100007b38
              size 0x0000000000005578
            offset 0
             align 2^2 (4)
            reloff 0
            nreloc 0
              type S_REGULAR
        attributes PURE_INSTRUCTIONS SOME_INSTRUCTIONS
         reserved1 0
         reserved2 0
        Section
          sectname __stubs
           segname __TEXT
              addr 0x000000010000d0b0
              size 0x0000000000000324
            offset 0
             align 2^2 (4)
            reloff 0
            nreloc 0
              type S_SYMBOL_STUBS
        attributes PURE_INSTRUCTIONS SOME_INSTRUCTIONS
         reserved1 0 (index into indirect symbol table)
         reserved2 12 (size of stubs)
        Section
          sectname __stub_helper
           segname __TEXT
              addr 0x000000010000d3d4
              size 0x000000000000033c
            offset 0
             align 2^2 (4)
            reloff 0
            nreloc 0
              type S_REGULAR
        attributes PURE_INSTRUCTIONS SOME_INSTRUCTIONS
         reserved1 0
         reserved2 0
        Section
          sectname __const
           segname __TEXT
              addr 0x000000010000d710
              size 0x00000000000007c8
            offset 0
             align 2^4 (16)
            reloff 0
            nreloc 0
              type S_REGULAR
        attributes (none)
         reserved1 0
         reserved2 0
        Section
          sectname __cstring
           segname __TEXT
              addr 0x000000010000dee0
              size 0x0000000000000cb2
            offset 0
             align 2^4 (16)
            reloff 0
            nreloc 0
              type S_CSTRING_LITERALS
        attributes (none)
         reserved1 0
         reserved2 0
        Section
          sectname __objc_methname
           segname __TEXT
              addr 0x000000010000eb92
              size 0x0000000000000cdc
            offset 0
             align 2^0 (1)
            reloff 0
            nreloc 0
              type S_CSTRING_LITERALS
        attributes (none)
         reserved1 0
         reserved2 0
        Section
          sectname __swift5_typeref
           segname __TEXT
              addr 0x000000010000f86e
2020-03-30 12:54:33 +0000  
              size 0x00000000000001cd
            offset 0
             align 2^1 (2)
            reloff 0
            nreloc 0
              type S_REGULAR
        attributes (none)
         reserved1 0
         reserved2 0
        Section
          sectname __swift5_reflstr
           segname __TEXT
              addr 0x000000010000fa40
              size 0x00000000000000ff
            offset 0
             align 2^4 (16)
            reloff 0
            nreloc 0
              type S_REGULAR
        attributes (none)
         reserved1 0
         reserved2 0
        Section
          sectname __swift5_fieldmd
           segname __TEXT
              addr 0x000000010000fb40
              size 0x0000000000000180
            offset 0
             align 2^2 (4)
            reloff 0
            nreloc 0
              type S_REGULAR
        attributes (none)
         reserved1 0
         reserved2 0
        Section
          sectname __swift5_capture
           segname __TEXT
              addr 0x000000010000fcc0
              size 0x0000000000000010
            offset 0
             align 2^2 (4)
            reloff 0
            nreloc 0
              type S_REGULAR
        attributes (none)
         reserved1 0
         reserved2 0
        Section
          sectname __swift5_assocty
           segname __TEXT
              addr 0x000000010000fcd0
              size 0x0000000000000048
            offset 0
             align 2^2 (4)
            reloff 0
            nreloc 0
              type S_REGULAR
        attributes (none)
         reserved1 0
         reserved2 0
        Section
          sectname __swift5_proto
           segname __TEXT
              addr 0x000000010000fd18
              size 0x0000000000000030
            offset 0
             align 2^2 (4)
            reloff 0
            nreloc 0
              type S_REGULAR
        attributes (none)
         reserved1 0
         reserved2 0
        Section
          sectname __swift5_types
           segname __TEXT
              addr 0x000000010000fd48
              size 0x0000000000000024
            offset 0
             align 2^2 (4)
            reloff 0
            nreloc 0
              type S_REGULAR
        attributes (none)
         reserved1 0
         reserved2 0
        Section
          sectname __swift5_builtin
           segname __TEXT
              addr 0x000000010000fd6c
              size 0x0000000000000014
            offset 0
             align 2^2 (4)
            reloff 0
            nreloc 0
              type S_REGULAR
        attributes (none)
         reserved1 0
         reserved2 0
        Section
          sectname __unwind_info
           segname __TEXT
              addr 0x000000010000fd80
              size 0x000000000000020c
            offset 0
             align 2^2 (4)
            reloff 0
            nreloc 0
              type S_REGULAR
        attributes (none)
         reserved1 0
         reserved2 0
        Section
          sectname __eh_frame
           segname __TEXT
              addr 0x000000010000ff90
              size 0x0000000000000064
            offset 0
             align 2^3 (8)
            reloff 0
            nreloc 0
              type S_REGULAR
        attributes (none)
         reserved1 0
         reserved2 0
        Load command 5
              cmd LC_SEGMENT_64
          cmdsize 1192
          segname __DATA
           vmaddr 0x0000000100010000
           vmsize 0x0000000000004000
          fileoff 0
         filesize 0
          maxprot rw-
         initprot rw-
           nsects 14
            flags (none)
        Section
          sectname __got
           segname __DATA
              addr 0x0000000100010000
              size 0x0000000000000080
            offset 0
             align 2^3 (8)
            reloff 0
            nreloc 0
              type S_NON_LAZY_SYMBOL_POINTERS
        attributes (none)
         reserved1 67 (index into indirect symbol table)
         reserved2 0
        Section
          sectname __la_symbol_ptr
           segname __DATA
              addr 0x0000000100010080
        
2020-03-30 12:54:33 +0000        size 0x0000000000000218
            offset 0
             align 2^3 (8)
            reloff 0
            nreloc 0
              type S_LAZY_SYMBOL_POINTERS
        attributes (none)
         reserved1 83 (index into indirect symbol table)
         reserved2 0
        Section
          sectname __const
           segname __DATA
              addr 0x0000000100010298
              size 0x0000000000000358
            offset 0
             align 2^3 (8)
            reloff 0
            nreloc 0
              type S_REGULAR
        attributes (none)
         reserved1 0
         reserved2 0
        Section
          sectname __objc_classlist
           segname __DATA
              addr 0x00000001000105f0
              size 0x0000000000000018
            offset 0
             align 2^3 (8)
            reloff 0
            nreloc 0
              type S_REGULAR
        attributes NO_DEAD_STRIP
         reserved1 0
         reserved2 0
        Section
          sectname __objc_protolist
           segname __DATA
              addr 0x0000000100010608
              size 0x0000000000000010
            offset 0
             align 2^3 (8)
            reloff 0
            nreloc 0
              type S_REGULAR
        attributes (none)
         reserved1 0
         reserved2 0
        Section
          sectname __objc_imageinfo
           segname __DATA
              addr 0x0000000100010618
              size 0x0000000000000008
            offset 0
             align 2^2 (4)
            reloff 0
            nreloc 0
              type S_REGULAR
        attributes (none)
         reserved1 0
         reserved2 0
        Section
          sectname __objc_const
           segname __DATA
              addr 0x0000000100010620
              size 0x0000000000001298
            offset 0
             align 2^3 (8)
            reloff 0
            nreloc 0
              type S_REGULAR
        attributes (none)
         reserved1 0
         reserved2 0
        Section
          sectname __objc_selrefs
           segname __DATA
              addr 0x00000001000118b8
              size 0x0000000000000158
            offset 0
             align 2^3 (8)
            reloff 0
            nreloc 0
              type S_LITERAL_POINTERS
        attributes NO_DEAD_STRIP
         reserved1 0
         reserved2 0
        Section
          sectname __objc_protorefs
           segname __DATA
              addr 0x0000000100011a10
              size 0x0000000000000010
            offset 0
             align 2^3 (8)
            reloff 0
            nreloc 0
              type S_REGULAR
        attributes (none)
         reserved1 0
         reserved2 0
        Section
          sectname __objc_classrefs
           segname __DATA
              addr 0x0000000100011a20
              size 0x0000000000000058
            offset 0
             align 2^3 (8)
            reloff 0
            nreloc 0
              type S_REGULAR
        attributes NO_DEAD_STRIP
         reserved1 0
         reserved2 0
        Section
          sectname __objc_data
           segname __DATA
              addr 0x0000000100011a78
              size 0x00000000000002b0
            offset 0
             align 2^3 (8)
            reloff 0
            nreloc 0
              type S_REGULAR
        attributes (none)
         reserved1 0
         reserved2 0
        Section
          sectname __data
           segname __DATA
              addr 0x0000000100011d28
              size 0x00000000000004d0
            offset 0
             align 2^3 (8)
            reloff 0
            nreloc 0
              type S_REGULAR
        attributes (none)
         reserved1 0
         reserved2 0
        Section
          sectname __bss
           segname __DATA
              addr 0x0000000100012200
              size 0x0000000000000600
            offset 0
             align 2^4 (16)
            reloff 0
            nreloc 0
              type S_ZEROFILL
        attributes (none)
         reserved1 0
         reserved2 0
        Section
          sectname __common
           segname __DATA
              addr
2020-03-30 12:54:33 +0000   0x0000000100012800
              size 0x0000000000000008
            offset 0
             align 2^3 (8)
            reloff 0
            nreloc 0
              type S_ZEROFILL
        attributes (none)
         reserved1 0
         reserved2 0
        Load command 6
              cmd LC_SEGMENT_64
          cmdsize 72
          segname __LINKEDIT
           vmaddr 0x0000000100014000
           vmsize 0x0000000000003000
          fileoff 4096
         filesize 9882
          maxprot r--
         initprot r--
           nsects 0
            flags (none)
        Load command 7
              cmd LC_SEGMENT_64
          cmdsize 952
          segname __DWARF
           vmaddr 0x0000000100017000
           vmsize 0x0000000000009000
          fileoff 16384
         filesize 33669
          maxprot rwx
         initprot rw-
           nsects 11
            flags (none)
        Section
          sectname __debug_line
           segname __DWARF
              addr 0x0000000100017000
              size 0x0000000000001877
            offset 16384
             align 2^0 (1)
            reloff 0
            nreloc 0
              type S_REGULAR
        attributes (none)
         reserved1 0
         reserved2 0
        Section
          sectname __debug_pubnames
           segname __DWARF
              addr 0x0000000100018877
              size 0x000000000000046e
            offset 22647
             align 2^0 (1)
            reloff 0
            nreloc 0
              type S_REGULAR
        attributes (none)
         reserved1 0
         reserved2 0
        Section
          sectname __debug_ranges
           segname __DWARF
              addr 0x0000000100018ce5
              size 0x0000000000002690
            offset 23781
             align 2^0 (1)
            reloff 0
            nreloc 0
              type S_REGULAR
        attributes (none)
         reserved1 0
         reserved2 0
        Section
          sectname __debug_aranges
           segname __DWARF
              addr 0x000000010001b375
              size 0x0000000000000140
            offset 33653
             align 2^0 (1)
            reloff 0
            nreloc 0
              type S_REGULAR
        attributes (none)
         reserved1 0
         reserved2 0
        Section
          sectname __debug_info
           segname __DWARF
              addr 0x000000010001b4b5
              size 0x0000000000002d4b
            offset 33973
             align 2^0 (1)
            reloff 0
            nreloc 0
              type S_REGULAR
        attributes (none)
         reserved1 0
         reserved2 0
        Section
          sectname __debug_abbrev
           segname __DWARF
              addr 0x000000010001e200
              size 0x00000000000000e5
            offset 45568
             align 2^0 (1)
            reloff 0
            nreloc 0
              type S_REGULAR
        attributes (none)
         reserved1 0
         reserved2 0
        Section
          sectname __debug_str
           segname __DWARF
              addr 0x000000010001e2e5
              size 0x0000000000000484
            offset 45797
             align 2^0 (1)
            reloff 0
            nreloc 0
              type S_REGULAR
        attributes (none)
         reserved1 0
         reserved2 0
        Section
          sectname __apple_names
           segname __DWARF
              addr 0x000000010001e769
              size 0x0000000000000ba4
            offset 46953
             align 2^0 (1)
            reloff 0
            nreloc 0
              type S_REGULAR
        attributes (none)
         reserved1 0
         reserved2 0
        Section
          sectname __apple_namespac
           segname __DWARF
              addr 0x000000010001f30d
              size 0x0000000000000024
            offset 49933
             align 2^0 (1)
            reloff 0
            nreloc 0
              type S_REGULAR
        attributes (none)
         reserved1 0
         reserved2 0
        Section
          sectname __apple_types
           segname __DWARF
              addr 0x000000010001f331
              
2020-03-30 12:54:33 +0000  size 0x0000000000000030
            offset 49969
             align 2^0 (1)
            reloff 0
            nreloc 0
              type S_REGULAR
        attributes (none)
         reserved1 0
         reserved2 0
        Section
          sectname __apple_objc
           segname __DWARF
              addr 0x000000010001f361
              size 0x0000000000000024
            offset 50017
             align 2^0 (1)
            reloff 0
            nreloc 0
              type S_REGULAR
        attributes (none)
         reserved1 0
         reserved2 0
    
    Stderr:
    
2020-03-30 12:54:33 +0000  Creating universal IPA contents for all variants
  Creating directory /var/folders/_l/m3xln5w54nz9bx9lsgzlp5y40000gn/T/IDEIPAProcessor.AppThinning.\~\~\~Pd2TTM/universal
  Copying PlayingCardDemo.app output payload directory
2020-03-30 12:54:33 +0000  /Library/Ruby/Gems/2.3.0/gems/CFPropertyList-3.0.0/lib/cfpropertylist/rbCFPropertyList.rb:378: warning: File.exists? is a deprecated name, use File.exist? instead
2020-03-30 12:54:33 +0000    Copying .dSYM files to /var/folders/_l/m3xln5w54nz9bx9lsgzlp5y40000gn/T/IDEIPAProcessor.AppThinning.\~\~\~Pd2TTM/universal/dSYMs
  Copying .symbols files to /var/folders/_l/m3xln5w54nz9bx9lsgzlp5y40000gn/T/IDEIPAProcessor.AppThinning.\~\~\~Pd2TTM/universal/Symbols
2020-03-30 12:54:33 +0000  /Applications/Xcode.app/Contents/Developer/usr/bin/ipatool exited with 0
2020-03-30 12:54:33 +0000  ipatool JSON: {
    alerts =     (
                {
            code = 3309;
            description = "Configuration issue: platform AppleTVSimulator.platform doesn't have any non-simulator SDKs; ignoring it";
            info =             {
            };
            level = WARN;
        },
                {
            code = 3309;
            description = "Configuration issue: platform WatchSimulator.platform doesn't have any non-simulator SDKs; ignoring it";
            info =             {
            };
            level = WARN;
        },
                {
            code = 3309;
            description = "Configuration issue: platform iPhoneSimulator.platform doesn't have any non-simulator SDKs; ignoring it";
            info =             {
            };
            level = WARN;
        },
                {
            code = 328;
            description = "Failed to resolve linkage dependency PlayingCardDemo arm64 -> @rpath/libswiftCore.dylib: Could not resolve @rpath in @rpath/libswiftCore.dylib from PlayingCardDemo";
            info =             {
            };
            level = WARN;
        },
                {
            code = 328;
            description = "Failed to resolve linkage dependency PlayingCardDemo arm64 -> @rpath/libswiftCoreFoundation.dylib: Could not resolve @rpath in @rpath/libswiftCoreFoundation.dylib from PlayingCardDemo";
            info =             {
            };
            level = WARN;
        },
                {
            code = 328;
            description = "Failed to resolve linkage dependency PlayingCardDemo arm64 -> @rpath/libswiftCoreGraphics.dylib: Could not resolve @rpath in @rpath/libswiftCoreGraphics.dylib from PlayingCardDemo";
            info =             {
            };
            level = WARN;
        },
                {
            code = 328;
            description = "Failed to resolve linkage dependency PlayingCardDemo arm64 -> @rpath/libswiftCoreImage.dylib: Could not resolve @rpath in @rpath/libswiftCoreImage.dylib from PlayingCardDemo";
            info =             {
            };
            level = WARN;
        },
                {
            code = 328;
            description = "Failed to resolve linkage dependency PlayingCardDemo arm64 -> @rpath/libswiftDarwin.dylib: Could not resolve @rpath in @rpath/libswiftDarwin.dylib from PlayingCardDemo";
            info =             {
            };
            level = WARN;
        },
                {
            code = 328;
            description = "Failed to resolve linkage dependency PlayingCardDemo arm64 -> @rpath/libswiftDispatch.dylib: Could not resolve @rpath in @rpath/libswiftDispatch.dylib from PlayingCardDemo";
            info =             {
            };
            level = WARN;
        },
                {
            code = 328;
            description = "Failed to resolve linkage dependency PlayingCardDemo arm64 -> @rpath/libswiftFoundation.dylib: Could not resolve @rpath in @rpath/libswiftFoundation.dylib from PlayingCardDemo";
            info =             {
            };
            level = WARN;
        },
                {
            code = 328;
            description = "Failed to resolve linkage dependency PlayingCardDemo arm64 -> @rpath/libswiftMetal.dylib: Could not resolve @rpath in @rpath/libswiftMetal.dylib from PlayingCardDemo";
            info =             {
            };
            level = WARN;
        },
                {
            code = 328;
            description = "Failed to resolve linkage dependency PlayingCardDemo arm64 -> @rpath/libswiftObjectiveC.dylib: Could not resolve @rpath in @rpath/libswiftObjectiveC.dylib from PlayingCardDemo";
            info =             {
            };
            level = WARN;
        },
                {
            code = 328;
            description = "Failed to resolve linkage dependency PlayingCardDemo arm64 -> @rpath/libswiftQuartzCore.dylib: Could not resolve @rpath in @rpath/libswiftQuartzCore.dylib from PlayingCardDemo";
            info =             {
            };
            level = WARN;
        },
                {
            code = 328;
            description = "Failed to resolve linkage dependency PlayingCardDemo arm64 -> @rpath/libswiftUIKit.dylib: Could not resolve @rpath in @rpath/libswiftUIKit.dylib from PlayingCardDemo";
            info =             {
            };
            level = WARN;
        }
    );
    thinnableAssetCatalogs =     (
        "/var/folders/_l/m3xln5w54nz9bx9lsgzlp5y40000gn/T/XcodeDistPipeline.~~~2jILsU/Root/Payload/PlayingCardDemo.app/Assets.car"
    );
    universalIPA =     {
        path = "/var/folders/_l/m3xln5w54nz9bx9lsgzlp5y40000gn/T/IDEIPAProcessor.AppThinning.~~~Pd2TTM/universal";
    };
}
2020-03-30 12:54:33 +0000  Processing step: IDEDistributionCodeSlimmingStep
2020-03-30 12:54:33 +0000  Processing step: IDEDistributionCopyBCSymbolMapsStep
2020-03-30 12:54:33 +0000  Processing step: IDEDistributionSymbolsStep
2020-03-30 12:54:33 +0000  Skipping step: IDEDistributionSymbolsStep because it said so
2020-03-30 12:54:33 +0000  Processing step: IDEDistributionAppThinningStep
2020-03-30 12:54:33 +0000  Skipping step: IDEDistributionAppThinningStep because it said so
2020-03-30 12:54:33 +0000  Processing step: IDEDistributionArchThinningStep
2020-03-30 12:54:33 +0000  Running /Applications/Xcode.app/Contents/Developer/Toolchains/XcodeDefault.xctoolchain/usr/bin/lipo '/var/folders/_l/m3xln5w54nz9bx9lsgzlp5y40000gn/T/XcodeDistPipeline.~~~2jILsU/Root/Payload/PlayingCardDemo.app/PlayingCardDemo' '-verify_arch' 'arm64e'
2020-03-30 12:54:33 +0000  /Applications/Xcode.app/Contents/Developer/Toolchains/XcodeDefault.xctoolchain/usr/bin/lipo exited with 1
2020-03-30 12:54:33 +0000  Skipping architecture thinning for item "PlayingCardDemo" because arch "arm64e" wasn't found
2020-03-30 12:54:33 +0000  Processing step: IDEDistributionODRStep
2020-03-30 12:54:33 +0000  Processing step: IDEDistributionStripXattrsStep
2020-03-30 12:54:33 +0000  Running /usr/bin/xattr '-crs' '/var/folders/_l/m3xln5w54nz9bx9lsgzlp5y40000gn/T/XcodeDistPipeline.~~~2jILsU/Root/Payload/PlayingCardDemo.app'
2020-03-30 12:54:33 +0000  /usr/bin/xattr exited with 0
2020-03-30 12:54:33 +0000  Processing step: IDEDistributionCodesignStep
2020-03-30 12:54:33 +0000  Entitlements for <IDEDistributionItem: 0x7fc553bb2b90 'edu.sfls.JeffersonQin.PlayingCardDemo' '<DVTFilePath:0x7fc555a05770:'/Users/jefferson/Library/Developer/Xcode/Archives/2020-03-30/PlayingCardDemo 2020-3-30, 8.34 PM.xcarchive/Products/Applications/PlayingCardDemo.app'>'>: {
    "application-identifier" = "MM7G949396.edu.sfls.JeffersonQin.PlayingCardDemo";
    "com.apple.developer.team-identifier" = MM7G949396;
    "get-task-allow" = 0;
    "keychain-access-groups" =     (
        "MM7G949396.edu.sfls.JeffersonQin.PlayingCardDemo"
    );
}
2020-03-30 12:54:33 +0000  Writing entitlements for <IDEDistributionItem: 0x7fc553bb2b90 'edu.sfls.JeffersonQin.PlayingCardDemo' '<DVTFilePath:0x7fc555a05770:'/Users/jefferson/Library/Developer/Xcode/Archives/2020-03-30/PlayingCardDemo 2020-3-30, 8.34 PM.xcarchive/Products/Applications/PlayingCardDemo.app'>'> to: /var/folders/_l/m3xln5w54nz9bx9lsgzlp5y40000gn/T/XcodeDistPipeline.~~~2jILsU/entitlements~~~1zcbmP
2020-03-30 12:54:33 +0000  Running /usr/bin/codesign '-vvv' '--force' '--sign' 'BCD09D64054BF35CA12A30868329145340BEEE3C' '--entitlements' '/var/folders/_l/m3xln5w54nz9bx9lsgzlp5y40000gn/T/XcodeDistPipeline.~~~2jILsU/entitlements~~~1zcbmP' '--preserve-metadata=identifier,flags,runtime' '/var/folders/_l/m3xln5w54nz9bx9lsgzlp5y40000gn/T/XcodeDistPipeline.~~~2jILsU/Root/Payload/PlayingCardDemo.app'
2020-03-30 12:54:33 +0000  /var/folders/_l/m3xln5w54nz9bx9lsgzlp5y40000gn/T/XcodeDistPipeline.~~~2jILsU/Root/Payload/PlayingCardDemo.app: signed app bundle with Mach-O thin (arm64) [edu.sfls.JeffersonQin.PlayingCardDemo]
2020-03-30 12:54:33 +0000  /usr/bin/codesign exited with 0
2020-03-30 12:54:33 +0000  Processing step: IDEDistributionZipODRItemStep
2020-03-30 12:54:33 +0000  Skipping step: IDEDistributionZipODRItemStep because it said so
2020-03-30 12:54:33 +0000  Processing step: IDEDistributionCreateIPAStep
2020-03-30 12:54:33 +0000  Running /usr/bin/ditto '-V' '-c' '-k' '--norsrc' '/var/folders/_l/m3xln5w54nz9bx9lsgzlp5y40000gn/T/XcodeDistPipeline.~~~2jILsU/Root' '/var/folders/_l/m3xln5w54nz9bx9lsgzlp5y40000gn/T/XcodeDistPipeline.~~~2jILsU/Packages/PlayingCardDemo.ipa'
2020-03-30 12:54:33 +0000  >>> Copying /var/folders/_l/m3xln5w54nz9bx9lsgzlp5y40000gn/T/XcodeDistPipeline.~~~2jILsU/Root 
2020-03-30 12:54:33 +0000  copying file ./Payload/PlayingCardDemo.app/_CodeSignature/CodeResources ... 
2020-03-30 12:54:33 +0000  4101 bytes for ./Payload/PlayingCardDemo.app/_CodeSignature/CodeResources
copying file ./Payload/PlayingCardDemo.app/PlayingCardDemo ... 
2020-03-30 12:54:33 +0000  114736 bytes for ./Payload/PlayingCardDemo.app/PlayingCardDemo
2020-03-30 12:54:33 +0000  copying file ./Payload/PlayingCardDemo.app/Base.lproj/Main.storyboardc/UIViewController-BYZ-38-t0r.nib ... 
1349 bytes for ./Payload/PlayingCardDemo.app/Base.lproj/Main.storyboardc/UIViewController-BYZ-38-t0r.nib
copying file ./Payload/PlayingCardDemo.app/Base.lproj/Main.storyboardc/BYZ-38-t0r-view-8bC-Xf-vdC.nib ... 
2020-03-30 12:54:33 +0000  3145 bytes for ./Payload/PlayingCardDemo.app/Base.lproj/Main.storyboardc/BYZ-38-t0r-view-8bC-Xf-vdC.nib
copying file ./Payload/PlayingCardDemo.app/Base.lproj/Main.storyboardc/Info.plist ... 
258 bytes for ./Payload/PlayingCardDemo.app/Base.lproj/Main.storyboardc/Info.plist
2020-03-30 12:54:33 +0000  copying file ./Payload/PlayingCardDemo.app/Base.lproj/LaunchScreen.storyboardc/01J-lp-oVM-view-Ze5-6b-2t3.nib ... 
2020-03-30 12:54:33 +0000  1136 bytes for ./Payload/PlayingCardDemo.app/Base.lproj/LaunchScreen.storyboardc/01J-lp-oVM-view-Ze5-6b-2t3.nib
copying file ./Payload/PlayingCardDemo.app/Base.lproj/LaunchScreen.storyboardc/UIViewController-01J-lp-oVM.nib ... 
832 bytes for ./Payload/PlayingCardDemo.app/Base.lproj/LaunchScreen.storyboardc/UIViewController-01J-lp-oVM.nib
copying file ./Payload/PlayingCardDemo.app/Base.lproj/LaunchScreen.storyboardc/Info.plist ... 
2020-03-30 12:54:33 +0000  258 bytes for ./Payload/PlayingCardDemo.app/Base.lproj/LaunchScreen.storyboardc/Info.plist
copying file ./Payload/PlayingCardDemo.app/Assets.car ... 
2020-03-30 12:54:33 +0000  302968 bytes for ./Payload/PlayingCardDemo.app/Assets.car
copying file ./Payload/PlayingCardDemo.app/embedded.mobileprovision ... 
2020-03-30 12:54:33 +0000  7533 bytes for ./Payload/PlayingCardDemo.app/embedded.mobileprovision
copying file ./Payload/PlayingCardDemo.app/Info.plist ... 
2020-03-30 12:54:33 +0000  2510 bytes for ./Payload/PlayingCardDemo.app/Info.plist
copying file ./Payload/PlayingCardDemo.app/PkgInfo ... 
8 bytes for ./Payload/PlayingCardDemo.app/PkgInfo
2020-03-30 12:54:33 +0000  /usr/bin/ditto exited with 0
2020-03-30 12:54:33 +0000  Processing step: IDEDistributionAppStoreInformationStep
2020-03-30 12:54:33 +0000  Skipping step: IDEDistributionAppStoreInformationStep because it said so
2020-03-30 12:54:33 +0000  Processing step: IDEDistributionCreateManifestStep
